<?xml version="1.0" encoding="UTF-8"?>
<testsuites name="TimKiem" time="88.331" tests="8" failures="0" errors="0">
   <testsuite name="TimKiem" tests="8" failures="0" errors="0" time="88.331" skipped="0" timestamp="2024-01-11 12:28:09" hostname="DELL - DESKTOP-T835F3C" id="Test Suites/TimKiem">
      <properties>
         <property name="deviceName" value=""/>
         <property name="devicePlatform" value=""/>
         <property name="logFolder" value="D:\\MONHOC\\DoAnTotNghiep_2\\automation\\DATN_truyenteen.me\\Reports\\20240111_122753\\TimKiem\\20240111_122753"/>
         <property name="logFiles" value="D:\\MONHOC\\DoAnTotNghiep_2\\automation\\DATN_truyenteen.me\\Reports\\20240111_122753\\TimKiem\\20240111_122753\\execution0.log"/>
         <property name="attachments" value=""/>
         <property name="hostName" value="DELL - DESKTOP-T835F3C"/>
         <property name="os" value="Windows 10 64bit"/>
         <property name="katalonVersion" value="8.6.8.208"/>
         <property name="browser" value="Chrome 120.0.0.0"/>
         <property name="hostAddress" value="192.168.85.1"/>
         <property name="sessionId" value="8c7e0e541865653a647cf00c97c46f53"/>
         <property name="seleniumVersion" value="3.141.59"/>
         <property name="proxyInformation" value="ProxyInformation { proxyOption=NO_PROXY, proxyServerType=HTTP, username=, password=********, proxyServerAddress=, proxyServerPort=0, executionList=&quot;&quot;, isApplyToDesiredCapabilities=true }"/>
         <property name="platform" value="Windows 10"/>
      </properties>
      <testcase name="Test Cases/TimKiem_tentruyen" time="12.943" classname="Test Cases/TimKiem_tentruyen" status="PASSED">
         <system-out><![CDATA[2024-01-11 12:28:09 - [TEST_CASE][PASSED] - Test Cases/TimKiem_tentruyen: Test Cases/TimKiem_tentruyen

2024-01-11 12:28:09 - [TEST_STEP][PASSED] - openBrowser(""): Browser is opened with url: ''

2024-01-11 12:28:10 - [MESSAGE][INFO] - Starting 'Chrome' driver

2024-01-11 12:28:10 - [MESSAGE][INFO] - Action delay is set to 0 milliseconds

2024-01-11 12:28:13 - [MESSAGE][PASSED] - Browser is opened with url: ''

2024-01-11 12:28:13 - [TEST_STEP][PASSED] - navigateToUrl("https://truyenteen.me/"): Navigate to 'https://truyenteen.me/' successfully

2024-01-11 12:28:17 - [MESSAGE][PASSED] - Navigate to 'https://truyenteen.me/' successfully

2024-01-11 12:28:17 - [TEST_STEP][PASSED] - click(findTestObject("Object Repository/Page_Webstie c truyn online/span_")): Object: 'Object Repository/Page_Webstie c truyn online/span_' is clicked on

2024-01-11 12:28:18 - [MESSAGE][PASSED] - Object: 'Object Repository/Page_Webstie c truyn online/span_' is clicked on

2024-01-11 12:28:18 - [TEST_STEP][PASSED] - setText(findTestObject("Object Repository/Page_Webstie c truyn online/input_Ti_search"), tentruyen): Text 'khôn' is set on object 'Object Repository/Page_Webstie c truyn online/input_Ti_search'

2024-01-11 12:28:20 - [MESSAGE][PASSED] - Text 'khôn' is set on object 'Object Repository/Page_Webstie c truyn online/input_Ti_search'

2024-01-11 12:28:20 - [TEST_STEP][PASSED] - sendKeys(findTestObject("Object Repository/Page_Webstie c truyn online/input_Ti_search"), Keys.chord(ENTER)): Keys 'ENTER + ' sent to object: 'Object Repository/Page_Webstie c truyn online/input_Ti_search'

2024-01-11 12:28:21 - [MESSAGE][PASSED] - Keys 'ENTER + ' sent to object: 'Object Repository/Page_Webstie c truyn online/input_Ti_search'

2024-01-11 12:28:21 - [TEST_STEP][PASSED] - closeBrowser(): Browser is closed

2024-01-11 12:28:22 - [MESSAGE][PASSED] - Browser is closed]]></system-out>
         <system-err><![CDATA[]]></system-err>
      </testcase>
      <testcase name="Test Cases/TimKiem_tentruyen" time="9.489" classname="Test Cases/TimKiem_tentruyen" status="PASSED">
         <system-out><![CDATA[2024-01-11 12:28:22 - [TEST_CASE][PASSED] - Test Cases/TimKiem_tentruyen: Test Cases/TimKiem_tentruyen

2024-01-11 12:28:22 - [TEST_STEP][PASSED] - openBrowser(""): Browser is opened with url: ''

2024-01-11 12:28:22 - [MESSAGE][INFO] - Starting 'Chrome' driver

2024-01-11 12:28:22 - [MESSAGE][INFO] - Action delay is set to 0 milliseconds

2024-01-11 12:28:24 - [MESSAGE][PASSED] - Browser is opened with url: ''

2024-01-11 12:28:24 - [TEST_STEP][PASSED] - navigateToUrl("https://truyenteen.me/"): Navigate to 'https://truyenteen.me/' successfully

2024-01-11 12:28:27 - [MESSAGE][PASSED] - Navigate to 'https://truyenteen.me/' successfully

2024-01-11 12:28:27 - [TEST_STEP][PASSED] - click(findTestObject("Object Repository/Page_Webstie c truyn online/span_")): Object: 'Object Repository/Page_Webstie c truyn online/span_' is clicked on

2024-01-11 12:28:28 - [MESSAGE][PASSED] - Object: 'Object Repository/Page_Webstie c truyn online/span_' is clicked on

2024-01-11 12:28:28 - [TEST_STEP][PASSED] - setText(findTestObject("Object Repository/Page_Webstie c truyn online/input_Ti_search"), tentruyen): Text 'khi' is set on object 'Object Repository/Page_Webstie c truyn online/input_Ti_search'

2024-01-11 12:28:30 - [MESSAGE][PASSED] - Text 'khi' is set on object 'Object Repository/Page_Webstie c truyn online/input_Ti_search'

2024-01-11 12:28:30 - [TEST_STEP][PASSED] - sendKeys(findTestObject("Object Repository/Page_Webstie c truyn online/input_Ti_search"), Keys.chord(ENTER)): Keys 'ENTER + ' sent to object: 'Object Repository/Page_Webstie c truyn online/input_Ti_search'

2024-01-11 12:28:31 - [MESSAGE][PASSED] - Keys 'ENTER + ' sent to object: 'Object Repository/Page_Webstie c truyn online/input_Ti_search'

2024-01-11 12:28:31 - [TEST_STEP][PASSED] - closeBrowser(): Browser is closed

2024-01-11 12:28:31 - [MESSAGE][PASSED] - Browser is closed]]></system-out>
         <system-err><![CDATA[]]></system-err>
      </testcase>
      <testcase name="Test Cases/TimKiem_tentruyen" time="9.111" classname="Test Cases/TimKiem_tentruyen" status="PASSED">
         <system-out><![CDATA[2024-01-11 12:28:32 - [TEST_CASE][PASSED] - Test Cases/TimKiem_tentruyen: Test Cases/TimKiem_tentruyen

2024-01-11 12:28:32 - [TEST_STEP][PASSED] - openBrowser(""): Browser is opened with url: ''

2024-01-11 12:28:32 - [MESSAGE][INFO] - Starting 'Chrome' driver

2024-01-11 12:28:32 - [MESSAGE][INFO] - Action delay is set to 0 milliseconds

2024-01-11 12:28:33 - [MESSAGE][PASSED] - Browser is opened with url: ''

2024-01-11 12:28:33 - [TEST_STEP][PASSED] - navigateToUrl("https://truyenteen.me/"): Navigate to 'https://truyenteen.me/' successfully

2024-01-11 12:28:37 - [MESSAGE][PASSED] - Navigate to 'https://truyenteen.me/' successfully

2024-01-11 12:28:37 - [TEST_STEP][PASSED] - click(findTestObject("Object Repository/Page_Webstie c truyn online/span_")): Object: 'Object Repository/Page_Webstie c truyn online/span_' is clicked on

2024-01-11 12:28:37 - [MESSAGE][PASSED] - Object: 'Object Repository/Page_Webstie c truyn online/span_' is clicked on

2024-01-11 12:28:37 - [TEST_STEP][PASSED] - setText(findTestObject("Object Repository/Page_Webstie c truyn online/input_Ti_search"), tentruyen): Text 'a' is set on object 'Object Repository/Page_Webstie c truyn online/input_Ti_search'

2024-01-11 12:28:39 - [MESSAGE][PASSED] - Text 'a' is set on object 'Object Repository/Page_Webstie c truyn online/input_Ti_search'

2024-01-11 12:28:39 - [TEST_STEP][PASSED] - sendKeys(findTestObject("Object Repository/Page_Webstie c truyn online/input_Ti_search"), Keys.chord(ENTER)): Keys 'ENTER + ' sent to object: 'Object Repository/Page_Webstie c truyn online/input_Ti_search'

2024-01-11 12:28:40 - [MESSAGE][PASSED] - Keys 'ENTER + ' sent to object: 'Object Repository/Page_Webstie c truyn online/input_Ti_search'

2024-01-11 12:28:40 - [TEST_STEP][PASSED] - closeBrowser(): Browser is closed

2024-01-11 12:28:41 - [MESSAGE][PASSED] - Browser is closed]]></system-out>
         <system-err><![CDATA[]]></system-err>
      </testcase>
      <testcase name="Test Cases/TimKiem_tentruyen" time="9.274" classname="Test Cases/TimKiem_tentruyen" status="PASSED">
         <system-out><![CDATA[2024-01-11 12:28:41 - [TEST_CASE][PASSED] - Test Cases/TimKiem_tentruyen: Test Cases/TimKiem_tentruyen

2024-01-11 12:28:41 - [TEST_STEP][PASSED] - openBrowser(""): Browser is opened with url: ''

2024-01-11 12:28:41 - [MESSAGE][INFO] - Starting 'Chrome' driver

2024-01-11 12:28:41 - [MESSAGE][INFO] - Action delay is set to 0 milliseconds

2024-01-11 12:28:42 - [MESSAGE][PASSED] - Browser is opened with url: ''

2024-01-11 12:28:42 - [TEST_STEP][PASSED] - navigateToUrl("https://truyenteen.me/"): Navigate to 'https://truyenteen.me/' successfully

2024-01-11 12:28:45 - [MESSAGE][PASSED] - Navigate to 'https://truyenteen.me/' successfully

2024-01-11 12:28:45 - [TEST_STEP][PASSED] - click(findTestObject("Object Repository/Page_Webstie c truyn online/span_")): Object: 'Object Repository/Page_Webstie c truyn online/span_' is clicked on

2024-01-11 12:28:47 - [MESSAGE][PASSED] - Object: 'Object Repository/Page_Webstie c truyn online/span_' is clicked on

2024-01-11 12:28:47 - [TEST_STEP][PASSED] - setText(findTestObject("Object Repository/Page_Webstie c truyn online/input_Ti_search"), tentruyen): Text 'b' is set on object 'Object Repository/Page_Webstie c truyn online/input_Ti_search'

2024-01-11 12:28:48 - [MESSAGE][PASSED] - Text 'b' is set on object 'Object Repository/Page_Webstie c truyn online/input_Ti_search'

2024-01-11 12:28:48 - [TEST_STEP][PASSED] - sendKeys(findTestObject("Object Repository/Page_Webstie c truyn online/input_Ti_search"), Keys.chord(ENTER)): Keys 'ENTER + ' sent to object: 'Object Repository/Page_Webstie c truyn online/input_Ti_search'

2024-01-11 12:28:49 - [MESSAGE][PASSED] - Keys 'ENTER + ' sent to object: 'Object Repository/Page_Webstie c truyn online/input_Ti_search'

2024-01-11 12:28:49 - [TEST_STEP][PASSED] - closeBrowser(): Browser is closed

2024-01-11 12:28:50 - [MESSAGE][PASSED] - Browser is closed]]></system-out>
         <system-err><![CDATA[]]></system-err>
      </testcase>
      <testcase name="Test Cases/TimKiem_tentruyen" time="15.425" classname="Test Cases/TimKiem_tentruyen" status="PASSED">
         <system-out><![CDATA[2024-01-11 12:28:50 - [TEST_CASE][PASSED] - Test Cases/TimKiem_tentruyen: Test Cases/TimKiem_tentruyen

2024-01-11 12:28:50 - [TEST_STEP][PASSED] - openBrowser(""): Browser is opened with url: ''

2024-01-11 12:28:50 - [MESSAGE][INFO] - Starting 'Chrome' driver

2024-01-11 12:28:50 - [MESSAGE][INFO] - Action delay is set to 0 milliseconds

2024-01-11 12:28:52 - [MESSAGE][PASSED] - Browser is opened with url: ''

2024-01-11 12:28:52 - [TEST_STEP][PASSED] - navigateToUrl("https://truyenteen.me/"): Navigate to 'https://truyenteen.me/' successfully

2024-01-11 12:29:01 - [MESSAGE][PASSED] - Navigate to 'https://truyenteen.me/' successfully

2024-01-11 12:29:01 - [TEST_STEP][PASSED] - click(findTestObject("Object Repository/Page_Webstie c truyn online/span_")): Object: 'Object Repository/Page_Webstie c truyn online/span_' is clicked on

2024-01-11 12:29:02 - [MESSAGE][PASSED] - Object: 'Object Repository/Page_Webstie c truyn online/span_' is clicked on

2024-01-11 12:29:02 - [TEST_STEP][PASSED] - setText(findTestObject("Object Repository/Page_Webstie c truyn online/input_Ti_search"), tentruyen): Text '#' is set on object 'Object Repository/Page_Webstie c truyn online/input_Ti_search'

2024-01-11 12:29:03 - [MESSAGE][PASSED] - Text '#' is set on object 'Object Repository/Page_Webstie c truyn online/input_Ti_search'

2024-01-11 12:29:03 - [TEST_STEP][PASSED] - sendKeys(findTestObject("Object Repository/Page_Webstie c truyn online/input_Ti_search"), Keys.chord(ENTER)): Keys 'ENTER + ' sent to object: 'Object Repository/Page_Webstie c truyn online/input_Ti_search'

2024-01-11 12:29:05 - [MESSAGE][PASSED] - Keys 'ENTER + ' sent to object: 'Object Repository/Page_Webstie c truyn online/input_Ti_search'

2024-01-11 12:29:05 - [TEST_STEP][PASSED] - closeBrowser(): Browser is closed

2024-01-11 12:29:05 - [MESSAGE][PASSED] - Browser is closed]]></system-out>
         <system-err><![CDATA[]]></system-err>
      </testcase>
      <testcase name="Test Cases/TimKiem_tentruyen" time="13.642" classname="Test Cases/TimKiem_tentruyen" status="PASSED">
         <system-out><![CDATA[2024-01-11 12:29:05 - [TEST_CASE][PASSED] - Test Cases/TimKiem_tentruyen: Test Cases/TimKiem_tentruyen

2024-01-11 12:29:05 - [TEST_STEP][PASSED] - openBrowser(""): Browser is opened with url: ''

2024-01-11 12:29:05 - [MESSAGE][INFO] - Starting 'Chrome' driver

2024-01-11 12:29:05 - [MESSAGE][INFO] - Action delay is set to 0 milliseconds

2024-01-11 12:29:07 - [MESSAGE][PASSED] - Browser is opened with url: ''

2024-01-11 12:29:07 - [TEST_STEP][PASSED] - navigateToUrl("https://truyenteen.me/"): Navigate to 'https://truyenteen.me/' successfully

2024-01-11 12:29:10 - [MESSAGE][PASSED] - Navigate to 'https://truyenteen.me/' successfully

2024-01-11 12:29:10 - [TEST_STEP][PASSED] - click(findTestObject("Object Repository/Page_Webstie c truyn online/span_")): Object: 'Object Repository/Page_Webstie c truyn online/span_' is clicked on

2024-01-11 12:29:12 - [MESSAGE][PASSED] - Object: 'Object Repository/Page_Webstie c truyn online/span_' is clicked on

2024-01-11 12:29:12 - [TEST_STEP][PASSED] - setText(findTestObject("Object Repository/Page_Webstie c truyn online/input_Ti_search"), tentruyen): Text '%' is set on object 'Object Repository/Page_Webstie c truyn online/input_Ti_search'

2024-01-11 12:29:16 - [MESSAGE][PASSED] - Text '%' is set on object 'Object Repository/Page_Webstie c truyn online/input_Ti_search'

2024-01-11 12:29:16 - [TEST_STEP][PASSED] - sendKeys(findTestObject("Object Repository/Page_Webstie c truyn online/input_Ti_search"), Keys.chord(ENTER)): Keys 'ENTER + ' sent to object: 'Object Repository/Page_Webstie c truyn online/input_Ti_search'

2024-01-11 12:29:18 - [MESSAGE][PASSED] - Keys 'ENTER + ' sent to object: 'Object Repository/Page_Webstie c truyn online/input_Ti_search'

2024-01-11 12:29:18 - [TEST_STEP][PASSED] - closeBrowser(): Browser is closed

2024-01-11 12:29:19 - [MESSAGE][PASSED] - Browser is closed]]></system-out>
         <system-err><![CDATA[]]></system-err>
      </testcase>
      <testcase name="Test Cases/TimKiem_tentruyen" time="9.012" classname="Test Cases/TimKiem_tentruyen" status="PASSED">
         <system-out><![CDATA[2024-01-11 12:29:19 - [TEST_CASE][PASSED] - Test Cases/TimKiem_tentruyen: Test Cases/TimKiem_tentruyen

2024-01-11 12:29:19 - [TEST_STEP][PASSED] - openBrowser(""): Browser is opened with url: ''

2024-01-11 12:29:19 - [MESSAGE][INFO] - Starting 'Chrome' driver

2024-01-11 12:29:19 - [MESSAGE][INFO] - Action delay is set to 0 milliseconds

2024-01-11 12:29:21 - [MESSAGE][PASSED] - Browser is opened with url: ''

2024-01-11 12:29:21 - [TEST_STEP][PASSED] - navigateToUrl("https://truyenteen.me/"): Navigate to 'https://truyenteen.me/' successfully

2024-01-11 12:29:24 - [MESSAGE][PASSED] - Navigate to 'https://truyenteen.me/' successfully

2024-01-11 12:29:24 - [TEST_STEP][PASSED] - click(findTestObject("Object Repository/Page_Webstie c truyn online/span_")): Object: 'Object Repository/Page_Webstie c truyn online/span_' is clicked on

2024-01-11 12:29:25 - [MESSAGE][PASSED] - Object: 'Object Repository/Page_Webstie c truyn online/span_' is clicked on

2024-01-11 12:29:25 - [TEST_STEP][PASSED] - setText(findTestObject("Object Repository/Page_Webstie c truyn online/input_Ti_search"), tentruyen): Text ':\select * from' is set on object 'Object Repository/Page_Webstie c truyn online/input_Ti_search'

2024-01-11 12:29:26 - [MESSAGE][PASSED] - Text ':\select * from' is set on object 'Object Repository/Page_Webstie c truyn online/input_Ti_search'

2024-01-11 12:29:26 - [TEST_STEP][PASSED] - sendKeys(findTestObject("Object Repository/Page_Webstie c truyn online/input_Ti_search"), Keys.chord(ENTER)): Keys 'ENTER + ' sent to object: 'Object Repository/Page_Webstie c truyn online/input_Ti_search'

2024-01-11 12:29:27 - [MESSAGE][PASSED] - Keys 'ENTER + ' sent to object: 'Object Repository/Page_Webstie c truyn online/input_Ti_search'

2024-01-11 12:29:27 - [TEST_STEP][PASSED] - closeBrowser(): Browser is closed

2024-01-11 12:29:28 - [MESSAGE][PASSED] - Browser is closed]]></system-out>
         <system-err><![CDATA[]]></system-err>
      </testcase>
      <testcase name="Test Cases/TimKiem_tentruyen" time="8.888" classname="Test Cases/TimKiem_tentruyen" status="PASSED">
         <system-out><![CDATA[2024-01-11 12:29:28 - [TEST_CASE][PASSED] - Test Cases/TimKiem_tentruyen: Test Cases/TimKiem_tentruyen

2024-01-11 12:29:28 - [TEST_STEP][PASSED] - openBrowser(""): Browser is opened with url: ''

2024-01-11 12:29:28 - [MESSAGE][INFO] - Starting 'Chrome' driver

2024-01-11 12:29:28 - [MESSAGE][INFO] - Action delay is set to 0 milliseconds

2024-01-11 12:29:30 - [MESSAGE][PASSED] - Browser is opened with url: ''

2024-01-11 12:29:30 - [TEST_STEP][PASSED] - navigateToUrl("https://truyenteen.me/"): Navigate to 'https://truyenteen.me/' successfully

2024-01-11 12:29:33 - [MESSAGE][PASSED] - Navigate to 'https://truyenteen.me/' successfully

2024-01-11 12:29:33 - [TEST_STEP][PASSED] - click(findTestObject("Object Repository/Page_Webstie c truyn online/span_")): Object: 'Object Repository/Page_Webstie c truyn online/span_' is clicked on

2024-01-11 12:29:34 - [MESSAGE][PASSED] - Object: 'Object Repository/Page_Webstie c truyn online/span_' is clicked on

2024-01-11 12:29:34 - [TEST_STEP][PASSED] - setText(findTestObject("Object Repository/Page_Webstie c truyn online/input_Ti_search"), tentruyen): Text '+=sd@#@' is set on object 'Object Repository/Page_Webstie c truyn online/input_Ti_search'

2024-01-11 12:29:35 - [MESSAGE][PASSED] - Text '+=sd@#@' is set on object 'Object Repository/Page_Webstie c truyn online/input_Ti_search'

2024-01-11 12:29:35 - [TEST_STEP][PASSED] - sendKeys(findTestObject("Object Repository/Page_Webstie c truyn online/input_Ti_search"), Keys.chord(ENTER)): Keys 'ENTER + ' sent to object: 'Object Repository/Page_Webstie c truyn online/input_Ti_search'

2024-01-11 12:29:36 - [MESSAGE][PASSED] - Keys 'ENTER + ' sent to object: 'Object Repository/Page_Webstie c truyn online/input_Ti_search'

2024-01-11 12:29:36 - [TEST_STEP][PASSED] - closeBrowser(): Browser is closed

2024-01-11 12:29:37 - [MESSAGE][PASSED] - Browser is closed]]></system-out>
         <system-err><![CDATA[]]></system-err>
      </testcase>
      <system-out><![CDATA[2024-01-11 12:28:09 - [TEST_SUITE][PASSED] - TimKiem: Test Cases/TimKiem_tentruyen]]></system-out>
      <system-err><![CDATA[]]></system-err>
   </testsuite>
</testsuites>
