<?xml version="1.0" encoding="UTF-8"?>
<testsuites name="TimKiem" time="203.847" tests="21" failures="0" errors="0">
   <testsuite name="TimKiem" tests="21" failures="0" errors="0" time="203.847" skipped="0" timestamp="2024-01-11 13:12:49" hostname="DELL - DESKTOP-T835F3C" id="Test Suites/TimKiem">
      <properties>
         <property name="deviceName" value=""/>
         <property name="devicePlatform" value=""/>
         <property name="logFolder" value="D:\\MONHOC\\DoAnTotNghiep_2\\automation\\DATN_truyenteen.me\\Reports\\20240111_131246\\TimKiem\\20240111_131247"/>
         <property name="logFiles" value="D:\\MONHOC\\DoAnTotNghiep_2\\automation\\DATN_truyenteen.me\\Reports\\20240111_131246\\TimKiem\\20240111_131247\\execution0.log"/>
         <property name="attachments" value=""/>
         <property name="hostName" value="DELL - DESKTOP-T835F3C"/>
         <property name="os" value="Windows 10 64bit"/>
         <property name="katalonVersion" value="8.6.8.208"/>
         <property name="browser" value="Chrome 120.0.0.0"/>
         <property name="hostAddress" value="192.168.85.1"/>
         <property name="sessionId" value="3d51a4b827c53a6436e764476d0dfb58"/>
         <property name="seleniumVersion" value="3.141.59"/>
         <property name="proxyInformation" value="ProxyInformation { proxyOption=NO_PROXY, proxyServerType=HTTP, username=, password=********, proxyServerAddress=, proxyServerPort=0, executionList=&quot;&quot;, isApplyToDesiredCapabilities=true }"/>
         <property name="platform" value="Windows 10"/>
      </properties>
      <testcase name="Test Cases/TimKiem_tentruyen" time="11.664" classname="Test Cases/TimKiem_tentruyen" status="PASSED">
         <system-out><![CDATA[2024-01-11 13:12:50 - [TEST_CASE][PASSED] - Test Cases/TimKiem_tentruyen: Test Cases/TimKiem_tentruyen

2024-01-11 13:12:50 - [TEST_STEP][PASSED] - openBrowser(""): Browser is opened with url: ''

2024-01-11 13:12:50 - [MESSAGE][INFO] - Starting 'Chrome' driver

2024-01-11 13:12:50 - [MESSAGE][INFO] - Action delay is set to 0 milliseconds

2024-01-11 13:12:53 - [MESSAGE][PASSED] - Browser is opened with url: ''

2024-01-11 13:12:53 - [TEST_STEP][PASSED] - navigateToUrl("https://truyenteen.me/"): Navigate to 'https://truyenteen.me/' successfully

2024-01-11 13:12:57 - [MESSAGE][PASSED] - Navigate to 'https://truyenteen.me/' successfully

2024-01-11 13:12:57 - [TEST_STEP][PASSED] - click(findTestObject("Object Repository/Page_Webstie c truyn online/span_")): Object: 'Object Repository/Page_Webstie c truyn online/span_' is clicked on

2024-01-11 13:12:58 - [MESSAGE][PASSED] - Object: 'Object Repository/Page_Webstie c truyn online/span_' is clicked on

2024-01-11 13:12:58 - [TEST_STEP][PASSED] - setText(findTestObject("Object Repository/Page_Webstie c truyn online/input_Ti_search"), tentruyen): Text 'a' is set on object 'Object Repository/Page_Webstie c truyn online/input_Ti_search'

2024-01-11 13:12:59 - [MESSAGE][PASSED] - Text 'a' is set on object 'Object Repository/Page_Webstie c truyn online/input_Ti_search'

2024-01-11 13:12:59 - [TEST_STEP][PASSED] - sendKeys(findTestObject("Object Repository/Page_Webstie c truyn online/input_Ti_search"), Keys.chord(ENTER)): Keys 'ENTER + ' sent to object: 'Object Repository/Page_Webstie c truyn online/input_Ti_search'

2024-01-11 13:13:01 - [MESSAGE][PASSED] - Keys 'ENTER + ' sent to object: 'Object Repository/Page_Webstie c truyn online/input_Ti_search'

2024-01-11 13:13:01 - [TEST_STEP][PASSED] - closeBrowser(): Browser is closed

2024-01-11 13:13:01 - [MESSAGE][PASSED] - Browser is closed]]></system-out>
         <system-err><![CDATA[]]></system-err>
      </testcase>
      <testcase name="Test Cases/TimKiem_tentruyen" time="9.455" classname="Test Cases/TimKiem_tentruyen" status="PASSED">
         <system-out><![CDATA[2024-01-11 13:13:01 - [TEST_CASE][PASSED] - Test Cases/TimKiem_tentruyen: Test Cases/TimKiem_tentruyen

2024-01-11 13:13:01 - [TEST_STEP][PASSED] - openBrowser(""): Browser is opened with url: ''

2024-01-11 13:13:01 - [MESSAGE][INFO] - Starting 'Chrome' driver

2024-01-11 13:13:01 - [MESSAGE][INFO] - Action delay is set to 0 milliseconds

2024-01-11 13:13:03 - [MESSAGE][PASSED] - Browser is opened with url: ''

2024-01-11 13:13:03 - [TEST_STEP][PASSED] - navigateToUrl("https://truyenteen.me/"): Navigate to 'https://truyenteen.me/' successfully

2024-01-11 13:13:06 - [MESSAGE][PASSED] - Navigate to 'https://truyenteen.me/' successfully

2024-01-11 13:13:06 - [TEST_STEP][PASSED] - click(findTestObject("Object Repository/Page_Webstie c truyn online/span_")): Object: 'Object Repository/Page_Webstie c truyn online/span_' is clicked on

2024-01-11 13:13:07 - [MESSAGE][PASSED] - Object: 'Object Repository/Page_Webstie c truyn online/span_' is clicked on

2024-01-11 13:13:07 - [TEST_STEP][PASSED] - setText(findTestObject("Object Repository/Page_Webstie c truyn online/input_Ti_search"), tentruyen): Text 'A' is set on object 'Object Repository/Page_Webstie c truyn online/input_Ti_search'

2024-01-11 13:13:09 - [MESSAGE][PASSED] - Text 'A' is set on object 'Object Repository/Page_Webstie c truyn online/input_Ti_search'

2024-01-11 13:13:09 - [TEST_STEP][PASSED] - sendKeys(findTestObject("Object Repository/Page_Webstie c truyn online/input_Ti_search"), Keys.chord(ENTER)): Keys 'ENTER + ' sent to object: 'Object Repository/Page_Webstie c truyn online/input_Ti_search'

2024-01-11 13:13:10 - [MESSAGE][PASSED] - Keys 'ENTER + ' sent to object: 'Object Repository/Page_Webstie c truyn online/input_Ti_search'

2024-01-11 13:13:10 - [TEST_STEP][PASSED] - closeBrowser(): Browser is closed

2024-01-11 13:13:11 - [MESSAGE][PASSED] - Browser is closed]]></system-out>
         <system-err><![CDATA[]]></system-err>
      </testcase>
      <testcase name="Test Cases/TimKiem_tentruyen" time="9.708" classname="Test Cases/TimKiem_tentruyen" status="PASSED">
         <system-out><![CDATA[2024-01-11 13:13:11 - [TEST_CASE][PASSED] - Test Cases/TimKiem_tentruyen: Test Cases/TimKiem_tentruyen

2024-01-11 13:13:11 - [TEST_STEP][PASSED] - openBrowser(""): Browser is opened with url: ''

2024-01-11 13:13:11 - [MESSAGE][INFO] - Starting 'Chrome' driver

2024-01-11 13:13:11 - [MESSAGE][INFO] - Action delay is set to 0 milliseconds

2024-01-11 13:13:12 - [MESSAGE][PASSED] - Browser is opened with url: ''

2024-01-11 13:13:12 - [TEST_STEP][PASSED] - navigateToUrl("https://truyenteen.me/"): Navigate to 'https://truyenteen.me/' successfully

2024-01-11 13:13:16 - [MESSAGE][PASSED] - Navigate to 'https://truyenteen.me/' successfully

2024-01-11 13:13:16 - [TEST_STEP][PASSED] - click(findTestObject("Object Repository/Page_Webstie c truyn online/span_")): Object: 'Object Repository/Page_Webstie c truyn online/span_' is clicked on

2024-01-11 13:13:17 - [MESSAGE][PASSED] - Object: 'Object Repository/Page_Webstie c truyn online/span_' is clicked on

2024-01-11 13:13:17 - [TEST_STEP][PASSED] - setText(findTestObject("Object Repository/Page_Webstie c truyn online/input_Ti_search"), tentruyen): Text 'dau' is set on object 'Object Repository/Page_Webstie c truyn online/input_Ti_search'

2024-01-11 13:13:19 - [MESSAGE][PASSED] - Text 'dau' is set on object 'Object Repository/Page_Webstie c truyn online/input_Ti_search'

2024-01-11 13:13:19 - [TEST_STEP][PASSED] - sendKeys(findTestObject("Object Repository/Page_Webstie c truyn online/input_Ti_search"), Keys.chord(ENTER)): Keys 'ENTER + ' sent to object: 'Object Repository/Page_Webstie c truyn online/input_Ti_search'

2024-01-11 13:13:20 - [MESSAGE][PASSED] - Keys 'ENTER + ' sent to object: 'Object Repository/Page_Webstie c truyn online/input_Ti_search'

2024-01-11 13:13:20 - [TEST_STEP][PASSED] - closeBrowser(): Browser is closed

2024-01-11 13:13:20 - [MESSAGE][PASSED] - Browser is closed]]></system-out>
         <system-err><![CDATA[]]></system-err>
      </testcase>
      <testcase name="Test Cases/TimKiem_tentruyen" time="9.674" classname="Test Cases/TimKiem_tentruyen" status="PASSED">
         <system-out><![CDATA[2024-01-11 13:13:20 - [TEST_CASE][PASSED] - Test Cases/TimKiem_tentruyen: Test Cases/TimKiem_tentruyen

2024-01-11 13:13:20 - [TEST_STEP][PASSED] - openBrowser(""): Browser is opened with url: ''

2024-01-11 13:13:20 - [MESSAGE][INFO] - Starting 'Chrome' driver

2024-01-11 13:13:20 - [MESSAGE][INFO] - Action delay is set to 0 milliseconds

2024-01-11 13:13:22 - [MESSAGE][PASSED] - Browser is opened with url: ''

2024-01-11 13:13:22 - [TEST_STEP][PASSED] - navigateToUrl("https://truyenteen.me/"): Navigate to 'https://truyenteen.me/' successfully

2024-01-11 13:13:26 - [MESSAGE][PASSED] - Navigate to 'https://truyenteen.me/' successfully

2024-01-11 13:13:26 - [TEST_STEP][PASSED] - click(findTestObject("Object Repository/Page_Webstie c truyn online/span_")): Object: 'Object Repository/Page_Webstie c truyn online/span_' is clicked on

2024-01-11 13:13:27 - [MESSAGE][PASSED] - Object: 'Object Repository/Page_Webstie c truyn online/span_' is clicked on

2024-01-11 13:13:27 - [TEST_STEP][PASSED] - setText(findTestObject("Object Repository/Page_Webstie c truyn online/input_Ti_search"), tentruyen): Text 'đấu' is set on object 'Object Repository/Page_Webstie c truyn online/input_Ti_search'

2024-01-11 13:13:28 - [MESSAGE][PASSED] - Text 'đấu' is set on object 'Object Repository/Page_Webstie c truyn online/input_Ti_search'

2024-01-11 13:13:28 - [TEST_STEP][PASSED] - sendKeys(findTestObject("Object Repository/Page_Webstie c truyn online/input_Ti_search"), Keys.chord(ENTER)): Keys 'ENTER + ' sent to object: 'Object Repository/Page_Webstie c truyn online/input_Ti_search'

2024-01-11 13:13:29 - [MESSAGE][PASSED] - Keys 'ENTER + ' sent to object: 'Object Repository/Page_Webstie c truyn online/input_Ti_search'

2024-01-11 13:13:29 - [TEST_STEP][PASSED] - closeBrowser(): Browser is closed

2024-01-11 13:13:30 - [MESSAGE][PASSED] - Browser is closed]]></system-out>
         <system-err><![CDATA[]]></system-err>
      </testcase>
      <testcase name="Test Cases/TimKiem_tentruyen" time="9.958" classname="Test Cases/TimKiem_tentruyen" status="PASSED">
         <system-out><![CDATA[2024-01-11 13:13:30 - [TEST_CASE][PASSED] - Test Cases/TimKiem_tentruyen: Test Cases/TimKiem_tentruyen

2024-01-11 13:13:30 - [TEST_STEP][PASSED] - openBrowser(""): Browser is opened with url: ''

2024-01-11 13:13:30 - [MESSAGE][INFO] - Starting 'Chrome' driver

2024-01-11 13:13:30 - [MESSAGE][INFO] - Action delay is set to 0 milliseconds

2024-01-11 13:13:32 - [MESSAGE][PASSED] - Browser is opened with url: ''

2024-01-11 13:13:32 - [TEST_STEP][PASSED] - navigateToUrl("https://truyenteen.me/"): Navigate to 'https://truyenteen.me/' successfully

2024-01-11 13:13:36 - [MESSAGE][PASSED] - Navigate to 'https://truyenteen.me/' successfully

2024-01-11 13:13:36 - [TEST_STEP][PASSED] - click(findTestObject("Object Repository/Page_Webstie c truyn online/span_")): Object: 'Object Repository/Page_Webstie c truyn online/span_' is clicked on

2024-01-11 13:13:37 - [MESSAGE][PASSED] - Object: 'Object Repository/Page_Webstie c truyn online/span_' is clicked on

2024-01-11 13:13:37 - [TEST_STEP][PASSED] - setText(findTestObject("Object Repository/Page_Webstie c truyn online/input_Ti_search"), tentruyen): Text 'đậu' is set on object 'Object Repository/Page_Webstie c truyn online/input_Ti_search'

2024-01-11 13:13:38 - [MESSAGE][PASSED] - Text 'đậu' is set on object 'Object Repository/Page_Webstie c truyn online/input_Ti_search'

2024-01-11 13:13:38 - [TEST_STEP][PASSED] - sendKeys(findTestObject("Object Repository/Page_Webstie c truyn online/input_Ti_search"), Keys.chord(ENTER)): Keys 'ENTER + ' sent to object: 'Object Repository/Page_Webstie c truyn online/input_Ti_search'

2024-01-11 13:13:39 - [MESSAGE][PASSED] - Keys 'ENTER + ' sent to object: 'Object Repository/Page_Webstie c truyn online/input_Ti_search'

2024-01-11 13:13:39 - [TEST_STEP][PASSED] - closeBrowser(): Browser is closed

2024-01-11 13:13:40 - [MESSAGE][PASSED] - Browser is closed]]></system-out>
         <system-err><![CDATA[]]></system-err>
      </testcase>
      <testcase name="Test Cases/TimKiem_tentruyen" time="9.272" classname="Test Cases/TimKiem_tentruyen" status="PASSED">
         <system-out><![CDATA[2024-01-11 13:13:40 - [TEST_CASE][PASSED] - Test Cases/TimKiem_tentruyen: Test Cases/TimKiem_tentruyen

2024-01-11 13:13:40 - [TEST_STEP][PASSED] - openBrowser(""): Browser is opened with url: ''

2024-01-11 13:13:40 - [MESSAGE][INFO] - Starting 'Chrome' driver

2024-01-11 13:13:40 - [MESSAGE][INFO] - Action delay is set to 0 milliseconds

2024-01-11 13:13:42 - [MESSAGE][PASSED] - Browser is opened with url: ''

2024-01-11 13:13:42 - [TEST_STEP][PASSED] - navigateToUrl("https://truyenteen.me/"): Navigate to 'https://truyenteen.me/' successfully

2024-01-11 13:13:45 - [MESSAGE][PASSED] - Navigate to 'https://truyenteen.me/' successfully

2024-01-11 13:13:45 - [TEST_STEP][PASSED] - click(findTestObject("Object Repository/Page_Webstie c truyn online/span_")): Object: 'Object Repository/Page_Webstie c truyn online/span_' is clicked on

2024-01-11 13:13:46 - [MESSAGE][PASSED] - Object: 'Object Repository/Page_Webstie c truyn online/span_' is clicked on

2024-01-11 13:13:46 - [TEST_STEP][PASSED] - setText(findTestObject("Object Repository/Page_Webstie c truyn online/input_Ti_search"), tentruyen): Text '1' is set on object 'Object Repository/Page_Webstie c truyn online/input_Ti_search'

2024-01-11 13:13:48 - [MESSAGE][PASSED] - Text '1' is set on object 'Object Repository/Page_Webstie c truyn online/input_Ti_search'

2024-01-11 13:13:48 - [TEST_STEP][PASSED] - sendKeys(findTestObject("Object Repository/Page_Webstie c truyn online/input_Ti_search"), Keys.chord(ENTER)): Keys 'ENTER + ' sent to object: 'Object Repository/Page_Webstie c truyn online/input_Ti_search'

2024-01-11 13:13:49 - [MESSAGE][PASSED] - Keys 'ENTER + ' sent to object: 'Object Repository/Page_Webstie c truyn online/input_Ti_search'

2024-01-11 13:13:49 - [TEST_STEP][PASSED] - closeBrowser(): Browser is closed

2024-01-11 13:13:49 - [MESSAGE][PASSED] - Browser is closed]]></system-out>
         <system-err><![CDATA[]]></system-err>
      </testcase>
      <testcase name="Test Cases/TimKiem_tentruyen" time="9.714" classname="Test Cases/TimKiem_tentruyen" status="PASSED">
         <system-out><![CDATA[2024-01-11 13:13:49 - [TEST_CASE][PASSED] - Test Cases/TimKiem_tentruyen: Test Cases/TimKiem_tentruyen

2024-01-11 13:13:49 - [TEST_STEP][PASSED] - openBrowser(""): Browser is opened with url: ''

2024-01-11 13:13:49 - [MESSAGE][INFO] - Starting 'Chrome' driver

2024-01-11 13:13:49 - [MESSAGE][INFO] - Action delay is set to 0 milliseconds

2024-01-11 13:13:51 - [MESSAGE][PASSED] - Browser is opened with url: ''

2024-01-11 13:13:51 - [TEST_STEP][PASSED] - navigateToUrl("https://truyenteen.me/"): Navigate to 'https://truyenteen.me/' successfully

2024-01-11 13:13:55 - [MESSAGE][PASSED] - Navigate to 'https://truyenteen.me/' successfully

2024-01-11 13:13:55 - [TEST_STEP][PASSED] - click(findTestObject("Object Repository/Page_Webstie c truyn online/span_")): Object: 'Object Repository/Page_Webstie c truyn online/span_' is clicked on

2024-01-11 13:13:56 - [MESSAGE][PASSED] - Object: 'Object Repository/Page_Webstie c truyn online/span_' is clicked on

2024-01-11 13:13:56 - [TEST_STEP][PASSED] - setText(findTestObject("Object Repository/Page_Webstie c truyn online/input_Ti_search"), tentruyen): Text ':' is set on object 'Object Repository/Page_Webstie c truyn online/input_Ti_search'

2024-01-11 13:13:57 - [MESSAGE][PASSED] - Text ':' is set on object 'Object Repository/Page_Webstie c truyn online/input_Ti_search'

2024-01-11 13:13:57 - [TEST_STEP][PASSED] - sendKeys(findTestObject("Object Repository/Page_Webstie c truyn online/input_Ti_search"), Keys.chord(ENTER)): Keys 'ENTER + ' sent to object: 'Object Repository/Page_Webstie c truyn online/input_Ti_search'

2024-01-11 13:13:58 - [MESSAGE][PASSED] - Keys 'ENTER + ' sent to object: 'Object Repository/Page_Webstie c truyn online/input_Ti_search'

2024-01-11 13:13:58 - [TEST_STEP][PASSED] - closeBrowser(): Browser is closed

2024-01-11 13:13:59 - [MESSAGE][PASSED] - Browser is closed]]></system-out>
         <system-err><![CDATA[]]></system-err>
      </testcase>
      <testcase name="Test Cases/TimKiem_tentruyen" time="9.635" classname="Test Cases/TimKiem_tentruyen" status="PASSED">
         <system-out><![CDATA[2024-01-11 13:13:59 - [TEST_CASE][PASSED] - Test Cases/TimKiem_tentruyen: Test Cases/TimKiem_tentruyen

2024-01-11 13:13:59 - [TEST_STEP][PASSED] - openBrowser(""): Browser is opened with url: ''

2024-01-11 13:13:59 - [MESSAGE][INFO] - Starting 'Chrome' driver

2024-01-11 13:13:59 - [MESSAGE][INFO] - Action delay is set to 0 milliseconds

2024-01-11 13:14:01 - [MESSAGE][PASSED] - Browser is opened with url: ''

2024-01-11 13:14:01 - [TEST_STEP][PASSED] - navigateToUrl("https://truyenteen.me/"): Navigate to 'https://truyenteen.me/' successfully

2024-01-11 13:14:03 - [MESSAGE][PASSED] - Navigate to 'https://truyenteen.me/' successfully

2024-01-11 13:14:03 - [TEST_STEP][PASSED] - click(findTestObject("Object Repository/Page_Webstie c truyn online/span_")): Object: 'Object Repository/Page_Webstie c truyn online/span_' is clicked on

2024-01-11 13:14:05 - [MESSAGE][PASSED] - Object: 'Object Repository/Page_Webstie c truyn online/span_' is clicked on

2024-01-11 13:14:05 - [TEST_STEP][PASSED] - setText(findTestObject("Object Repository/Page_Webstie c truyn online/input_Ti_search"), tentruyen): Text '&' is set on object 'Object Repository/Page_Webstie c truyn online/input_Ti_search'

2024-01-11 13:14:06 - [MESSAGE][PASSED] - Text '&' is set on object 'Object Repository/Page_Webstie c truyn online/input_Ti_search'

2024-01-11 13:14:06 - [TEST_STEP][PASSED] - sendKeys(findTestObject("Object Repository/Page_Webstie c truyn online/input_Ti_search"), Keys.chord(ENTER)): Keys 'ENTER + ' sent to object: 'Object Repository/Page_Webstie c truyn online/input_Ti_search'

2024-01-11 13:14:08 - [MESSAGE][PASSED] - Keys 'ENTER + ' sent to object: 'Object Repository/Page_Webstie c truyn online/input_Ti_search'

2024-01-11 13:14:08 - [TEST_STEP][PASSED] - closeBrowser(): Browser is closed

2024-01-11 13:14:09 - [MESSAGE][PASSED] - Browser is closed]]></system-out>
         <system-err><![CDATA[]]></system-err>
      </testcase>
      <testcase name="Test Cases/TimKiem_tentruyen" time="9.681" classname="Test Cases/TimKiem_tentruyen" status="PASSED">
         <system-out><![CDATA[2024-01-11 13:14:09 - [TEST_CASE][PASSED] - Test Cases/TimKiem_tentruyen: Test Cases/TimKiem_tentruyen

2024-01-11 13:14:09 - [TEST_STEP][PASSED] - openBrowser(""): Browser is opened with url: ''

2024-01-11 13:14:09 - [MESSAGE][INFO] - Starting 'Chrome' driver

2024-01-11 13:14:09 - [MESSAGE][INFO] - Action delay is set to 0 milliseconds

2024-01-11 13:14:10 - [MESSAGE][PASSED] - Browser is opened with url: ''

2024-01-11 13:14:10 - [TEST_STEP][PASSED] - navigateToUrl("https://truyenteen.me/"): Navigate to 'https://truyenteen.me/' successfully

2024-01-11 13:14:15 - [MESSAGE][PASSED] - Navigate to 'https://truyenteen.me/' successfully

2024-01-11 13:14:15 - [TEST_STEP][PASSED] - click(findTestObject("Object Repository/Page_Webstie c truyn online/span_")): Object: 'Object Repository/Page_Webstie c truyn online/span_' is clicked on

2024-01-11 13:14:15 - [MESSAGE][PASSED] - Object: 'Object Repository/Page_Webstie c truyn online/span_' is clicked on

2024-01-11 13:14:15 - [TEST_STEP][PASSED] - setText(findTestObject("Object Repository/Page_Webstie c truyn online/input_Ti_search"), tentruyen): Text '%' is set on object 'Object Repository/Page_Webstie c truyn online/input_Ti_search'

2024-01-11 13:14:17 - [MESSAGE][PASSED] - Text '%' is set on object 'Object Repository/Page_Webstie c truyn online/input_Ti_search'

2024-01-11 13:14:17 - [TEST_STEP][PASSED] - sendKeys(findTestObject("Object Repository/Page_Webstie c truyn online/input_Ti_search"), Keys.chord(ENTER)): Keys 'ENTER + ' sent to object: 'Object Repository/Page_Webstie c truyn online/input_Ti_search'

2024-01-11 13:14:18 - [MESSAGE][PASSED] - Keys 'ENTER + ' sent to object: 'Object Repository/Page_Webstie c truyn online/input_Ti_search'

2024-01-11 13:14:18 - [TEST_STEP][PASSED] - closeBrowser(): Browser is closed

2024-01-11 13:14:19 - [MESSAGE][PASSED] - Browser is closed]]></system-out>
         <system-err><![CDATA[]]></system-err>
      </testcase>
      <testcase name="Test Cases/TimKiem_tentruyen" time="9.465" classname="Test Cases/TimKiem_tentruyen" status="PASSED">
         <system-out><![CDATA[2024-01-11 13:14:19 - [TEST_CASE][PASSED] - Test Cases/TimKiem_tentruyen: Test Cases/TimKiem_tentruyen

2024-01-11 13:14:19 - [TEST_STEP][PASSED] - openBrowser(""): Browser is opened with url: ''

2024-01-11 13:14:19 - [MESSAGE][INFO] - Starting 'Chrome' driver

2024-01-11 13:14:19 - [MESSAGE][INFO] - Action delay is set to 0 milliseconds

2024-01-11 13:14:20 - [MESSAGE][PASSED] - Browser is opened with url: ''

2024-01-11 13:14:20 - [TEST_STEP][PASSED] - navigateToUrl("https://truyenteen.me/"): Navigate to 'https://truyenteen.me/' successfully

2024-01-11 13:14:24 - [MESSAGE][PASSED] - Navigate to 'https://truyenteen.me/' successfully

2024-01-11 13:14:24 - [TEST_STEP][PASSED] - click(findTestObject("Object Repository/Page_Webstie c truyn online/span_")): Object: 'Object Repository/Page_Webstie c truyn online/span_' is clicked on

2024-01-11 13:14:25 - [MESSAGE][PASSED] - Object: 'Object Repository/Page_Webstie c truyn online/span_' is clicked on

2024-01-11 13:14:25 - [TEST_STEP][PASSED] - setText(findTestObject("Object Repository/Page_Webstie c truyn online/input_Ti_search"), tentruyen): Text '#' is set on object 'Object Repository/Page_Webstie c truyn online/input_Ti_search'

2024-01-11 13:14:26 - [MESSAGE][PASSED] - Text '#' is set on object 'Object Repository/Page_Webstie c truyn online/input_Ti_search'

2024-01-11 13:14:26 - [TEST_STEP][PASSED] - sendKeys(findTestObject("Object Repository/Page_Webstie c truyn online/input_Ti_search"), Keys.chord(ENTER)): Keys 'ENTER + ' sent to object: 'Object Repository/Page_Webstie c truyn online/input_Ti_search'

2024-01-11 13:14:27 - [MESSAGE][PASSED] - Keys 'ENTER + ' sent to object: 'Object Repository/Page_Webstie c truyn online/input_Ti_search'

2024-01-11 13:14:27 - [TEST_STEP][PASSED] - closeBrowser(): Browser is closed

2024-01-11 13:14:28 - [MESSAGE][PASSED] - Browser is closed]]></system-out>
         <system-err><![CDATA[]]></system-err>
      </testcase>
      <testcase name="Test Cases/TimKiem_tentruyen" time="9.487" classname="Test Cases/TimKiem_tentruyen" status="PASSED">
         <system-out><![CDATA[2024-01-11 13:14:28 - [TEST_CASE][PASSED] - Test Cases/TimKiem_tentruyen: Test Cases/TimKiem_tentruyen

2024-01-11 13:14:28 - [TEST_STEP][PASSED] - openBrowser(""): Browser is opened with url: ''

2024-01-11 13:14:28 - [MESSAGE][INFO] - Starting 'Chrome' driver

2024-01-11 13:14:28 - [MESSAGE][INFO] - Action delay is set to 0 milliseconds

2024-01-11 13:14:30 - [MESSAGE][PASSED] - Browser is opened with url: ''

2024-01-11 13:14:30 - [TEST_STEP][PASSED] - navigateToUrl("https://truyenteen.me/"): Navigate to 'https://truyenteen.me/' successfully

2024-01-11 13:14:34 - [MESSAGE][PASSED] - Navigate to 'https://truyenteen.me/' successfully

2024-01-11 13:14:34 - [TEST_STEP][PASSED] - click(findTestObject("Object Repository/Page_Webstie c truyn online/span_")): Object: 'Object Repository/Page_Webstie c truyn online/span_' is clicked on

2024-01-11 13:14:34 - [MESSAGE][PASSED] - Object: 'Object Repository/Page_Webstie c truyn online/span_' is clicked on

2024-01-11 13:14:34 - [TEST_STEP][PASSED] - setText(findTestObject("Object Repository/Page_Webstie c truyn online/input_Ti_search"), tentruyen): Text 'SSIweu*&^@#$*&' is set on object 'Object Repository/Page_Webstie c truyn online/input_Ti_search'

2024-01-11 13:14:36 - [MESSAGE][PASSED] - Text 'SSIweu*&^@#$*&' is set on object 'Object Repository/Page_Webstie c truyn online/input_Ti_search'

2024-01-11 13:14:36 - [TEST_STEP][PASSED] - sendKeys(findTestObject("Object Repository/Page_Webstie c truyn online/input_Ti_search"), Keys.chord(ENTER)): Keys 'ENTER + ' sent to object: 'Object Repository/Page_Webstie c truyn online/input_Ti_search'

2024-01-11 13:14:37 - [MESSAGE][PASSED] - Keys 'ENTER + ' sent to object: 'Object Repository/Page_Webstie c truyn online/input_Ti_search'

2024-01-11 13:14:37 - [TEST_STEP][PASSED] - closeBrowser(): Browser is closed

2024-01-11 13:14:38 - [MESSAGE][PASSED] - Browser is closed]]></system-out>
         <system-err><![CDATA[]]></system-err>
      </testcase>
      <testcase name="Test Cases/TimKiem_tentruyen" time="9.57" classname="Test Cases/TimKiem_tentruyen" status="PASSED">
         <system-out><![CDATA[2024-01-11 13:14:38 - [TEST_CASE][PASSED] - Test Cases/TimKiem_tentruyen: Test Cases/TimKiem_tentruyen

2024-01-11 13:14:38 - [TEST_STEP][PASSED] - openBrowser(""): Browser is opened with url: ''

2024-01-11 13:14:38 - [MESSAGE][INFO] - Starting 'Chrome' driver

2024-01-11 13:14:38 - [MESSAGE][INFO] - Action delay is set to 0 milliseconds

2024-01-11 13:14:39 - [MESSAGE][PASSED] - Browser is opened with url: ''

2024-01-11 13:14:39 - [TEST_STEP][PASSED] - navigateToUrl("https://truyenteen.me/"): Navigate to 'https://truyenteen.me/' successfully

2024-01-11 13:14:43 - [MESSAGE][PASSED] - Navigate to 'https://truyenteen.me/' successfully

2024-01-11 13:14:43 - [TEST_STEP][PASSED] - click(findTestObject("Object Repository/Page_Webstie c truyn online/span_")): Object: 'Object Repository/Page_Webstie c truyn online/span_' is clicked on

2024-01-11 13:14:44 - [MESSAGE][PASSED] - Object: 'Object Repository/Page_Webstie c truyn online/span_' is clicked on

2024-01-11 13:14:44 - [TEST_STEP][PASSED] - setText(findTestObject("Object Repository/Page_Webstie c truyn online/input_Ti_search"), tentruyen): Text '%a%nh%e' is set on object 'Object Repository/Page_Webstie c truyn online/input_Ti_search'

2024-01-11 13:14:45 - [MESSAGE][PASSED] - Text '%a%nh%e' is set on object 'Object Repository/Page_Webstie c truyn online/input_Ti_search'

2024-01-11 13:14:45 - [TEST_STEP][PASSED] - sendKeys(findTestObject("Object Repository/Page_Webstie c truyn online/input_Ti_search"), Keys.chord(ENTER)): Keys 'ENTER + ' sent to object: 'Object Repository/Page_Webstie c truyn online/input_Ti_search'

2024-01-11 13:14:46 - [MESSAGE][PASSED] - Keys 'ENTER + ' sent to object: 'Object Repository/Page_Webstie c truyn online/input_Ti_search'

2024-01-11 13:14:46 - [TEST_STEP][PASSED] - closeBrowser(): Browser is closed

2024-01-11 13:14:47 - [MESSAGE][PASSED] - Browser is closed]]></system-out>
         <system-err><![CDATA[]]></system-err>
      </testcase>
      <testcase name="Test Cases/TimKiem_tentruyen" time="9.204" classname="Test Cases/TimKiem_tentruyen" status="PASSED">
         <system-out><![CDATA[2024-01-11 13:14:47 - [TEST_CASE][PASSED] - Test Cases/TimKiem_tentruyen: Test Cases/TimKiem_tentruyen

2024-01-11 13:14:47 - [TEST_STEP][PASSED] - openBrowser(""): Browser is opened with url: ''

2024-01-11 13:14:47 - [MESSAGE][INFO] - Starting 'Chrome' driver

2024-01-11 13:14:47 - [MESSAGE][INFO] - Action delay is set to 0 milliseconds

2024-01-11 13:14:49 - [MESSAGE][PASSED] - Browser is opened with url: ''

2024-01-11 13:14:49 - [TEST_STEP][PASSED] - navigateToUrl("https://truyenteen.me/"): Navigate to 'https://truyenteen.me/' successfully

2024-01-11 13:14:52 - [MESSAGE][PASSED] - Navigate to 'https://truyenteen.me/' successfully

2024-01-11 13:14:52 - [TEST_STEP][PASSED] - click(findTestObject("Object Repository/Page_Webstie c truyn online/span_")): Object: 'Object Repository/Page_Webstie c truyn online/span_' is clicked on

2024-01-11 13:14:53 - [MESSAGE][PASSED] - Object: 'Object Repository/Page_Webstie c truyn online/span_' is clicked on

2024-01-11 13:14:53 - [TEST_STEP][PASSED] - setText(findTestObject("Object Repository/Page_Webstie c truyn online/input_Ti_search"), tentruyen): Text 'anhe' is set on object 'Object Repository/Page_Webstie c truyn online/input_Ti_search'

2024-01-11 13:14:55 - [MESSAGE][PASSED] - Text 'anhe' is set on object 'Object Repository/Page_Webstie c truyn online/input_Ti_search'

2024-01-11 13:14:55 - [TEST_STEP][PASSED] - sendKeys(findTestObject("Object Repository/Page_Webstie c truyn online/input_Ti_search"), Keys.chord(ENTER)): Keys 'ENTER + ' sent to object: 'Object Repository/Page_Webstie c truyn online/input_Ti_search'

2024-01-11 13:14:56 - [MESSAGE][PASSED] - Keys 'ENTER + ' sent to object: 'Object Repository/Page_Webstie c truyn online/input_Ti_search'

2024-01-11 13:14:56 - [TEST_STEP][PASSED] - closeBrowser(): Browser is closed

2024-01-11 13:14:56 - [MESSAGE][PASSED] - Browser is closed]]></system-out>
         <system-err><![CDATA[]]></system-err>
      </testcase>
      <testcase name="Test Cases/TimKiem_tentruyen" time="9.106" classname="Test Cases/TimKiem_tentruyen" status="PASSED">
         <system-out><![CDATA[2024-01-11 13:14:56 - [TEST_CASE][PASSED] - Test Cases/TimKiem_tentruyen: Test Cases/TimKiem_tentruyen

2024-01-11 13:14:56 - [TEST_STEP][PASSED] - openBrowser(""): Browser is opened with url: ''

2024-01-11 13:14:56 - [MESSAGE][INFO] - Starting 'Chrome' driver

2024-01-11 13:14:56 - [MESSAGE][INFO] - Action delay is set to 0 milliseconds

2024-01-11 13:14:58 - [MESSAGE][PASSED] - Browser is opened with url: ''

2024-01-11 13:14:58 - [TEST_STEP][PASSED] - navigateToUrl("https://truyenteen.me/"): Navigate to 'https://truyenteen.me/' successfully

2024-01-11 13:15:01 - [MESSAGE][PASSED] - Navigate to 'https://truyenteen.me/' successfully

2024-01-11 13:15:01 - [TEST_STEP][PASSED] - click(findTestObject("Object Repository/Page_Webstie c truyn online/span_")): Object: 'Object Repository/Page_Webstie c truyn online/span_' is clicked on

2024-01-11 13:15:03 - [MESSAGE][PASSED] - Object: 'Object Repository/Page_Webstie c truyn online/span_' is clicked on

2024-01-11 13:15:03 - [TEST_STEP][PASSED] - setText(findTestObject("Object Repository/Page_Webstie c truyn online/input_Ti_search"), tentruyen): Text 'khôn' is set on object 'Object Repository/Page_Webstie c truyn online/input_Ti_search'

2024-01-11 13:15:04 - [MESSAGE][PASSED] - Text 'khôn' is set on object 'Object Repository/Page_Webstie c truyn online/input_Ti_search'

2024-01-11 13:15:04 - [TEST_STEP][PASSED] - sendKeys(findTestObject("Object Repository/Page_Webstie c truyn online/input_Ti_search"), Keys.chord(ENTER)): Keys 'ENTER + ' sent to object: 'Object Repository/Page_Webstie c truyn online/input_Ti_search'

2024-01-11 13:15:05 - [MESSAGE][PASSED] - Keys 'ENTER + ' sent to object: 'Object Repository/Page_Webstie c truyn online/input_Ti_search'

2024-01-11 13:15:05 - [TEST_STEP][PASSED] - closeBrowser(): Browser is closed

2024-01-11 13:15:05 - [MESSAGE][PASSED] - Browser is closed]]></system-out>
         <system-err><![CDATA[]]></system-err>
      </testcase>
      <testcase name="Test Cases/TimKiem_tentruyen" time="9.496" classname="Test Cases/TimKiem_tentruyen" status="PASSED">
         <system-out><![CDATA[2024-01-11 13:15:06 - [TEST_CASE][PASSED] - Test Cases/TimKiem_tentruyen: Test Cases/TimKiem_tentruyen

2024-01-11 13:15:06 - [TEST_STEP][PASSED] - openBrowser(""): Browser is opened with url: ''

2024-01-11 13:15:06 - [MESSAGE][INFO] - Starting 'Chrome' driver

2024-01-11 13:15:06 - [MESSAGE][INFO] - Action delay is set to 0 milliseconds

2024-01-11 13:15:07 - [MESSAGE][PASSED] - Browser is opened with url: ''

2024-01-11 13:15:07 - [TEST_STEP][PASSED] - navigateToUrl("https://truyenteen.me/"): Navigate to 'https://truyenteen.me/' successfully

2024-01-11 13:15:11 - [MESSAGE][PASSED] - Navigate to 'https://truyenteen.me/' successfully

2024-01-11 13:15:11 - [TEST_STEP][PASSED] - click(findTestObject("Object Repository/Page_Webstie c truyn online/span_")): Object: 'Object Repository/Page_Webstie c truyn online/span_' is clicked on

2024-01-11 13:15:12 - [MESSAGE][PASSED] - Object: 'Object Repository/Page_Webstie c truyn online/span_' is clicked on

2024-01-11 13:15:12 - [TEST_STEP][PASSED] - setText(findTestObject("Object Repository/Page_Webstie c truyn online/input_Ti_search"), tentruyen): Text 'khi' is set on object 'Object Repository/Page_Webstie c truyn online/input_Ti_search'

2024-01-11 13:15:13 - [MESSAGE][PASSED] - Text 'khi' is set on object 'Object Repository/Page_Webstie c truyn online/input_Ti_search'

2024-01-11 13:15:13 - [TEST_STEP][PASSED] - sendKeys(findTestObject("Object Repository/Page_Webstie c truyn online/input_Ti_search"), Keys.chord(ENTER)): Keys 'ENTER + ' sent to object: 'Object Repository/Page_Webstie c truyn online/input_Ti_search'

2024-01-11 13:15:14 - [MESSAGE][PASSED] - Keys 'ENTER + ' sent to object: 'Object Repository/Page_Webstie c truyn online/input_Ti_search'

2024-01-11 13:15:14 - [TEST_STEP][PASSED] - closeBrowser(): Browser is closed

2024-01-11 13:15:15 - [MESSAGE][PASSED] - Browser is closed]]></system-out>
         <system-err><![CDATA[]]></system-err>
      </testcase>
      <testcase name="Test Cases/TimKiem_tentruyen" time="9.935" classname="Test Cases/TimKiem_tentruyen" status="PASSED">
         <system-out><![CDATA[2024-01-11 13:15:15 - [TEST_CASE][PASSED] - Test Cases/TimKiem_tentruyen: Test Cases/TimKiem_tentruyen

2024-01-11 13:15:15 - [TEST_STEP][PASSED] - openBrowser(""): Browser is opened with url: ''

2024-01-11 13:15:15 - [MESSAGE][INFO] - Starting 'Chrome' driver

2024-01-11 13:15:15 - [MESSAGE][INFO] - Action delay is set to 0 milliseconds

2024-01-11 13:15:17 - [MESSAGE][PASSED] - Browser is opened with url: ''

2024-01-11 13:15:17 - [TEST_STEP][PASSED] - navigateToUrl("https://truyenteen.me/"): Navigate to 'https://truyenteen.me/' successfully

2024-01-11 13:15:21 - [MESSAGE][PASSED] - Navigate to 'https://truyenteen.me/' successfully

2024-01-11 13:15:21 - [TEST_STEP][PASSED] - click(findTestObject("Object Repository/Page_Webstie c truyn online/span_")): Object: 'Object Repository/Page_Webstie c truyn online/span_' is clicked on

2024-01-11 13:15:22 - [MESSAGE][PASSED] - Object: 'Object Repository/Page_Webstie c truyn online/span_' is clicked on

2024-01-11 13:15:22 - [TEST_STEP][PASSED] - setText(findTestObject("Object Repository/Page_Webstie c truyn online/input_Ti_search"), tentruyen): Text 'a' is set on object 'Object Repository/Page_Webstie c truyn online/input_Ti_search'

2024-01-11 13:15:23 - [MESSAGE][PASSED] - Text 'a' is set on object 'Object Repository/Page_Webstie c truyn online/input_Ti_search'

2024-01-11 13:15:23 - [TEST_STEP][PASSED] - sendKeys(findTestObject("Object Repository/Page_Webstie c truyn online/input_Ti_search"), Keys.chord(ENTER)): Keys 'ENTER + ' sent to object: 'Object Repository/Page_Webstie c truyn online/input_Ti_search'

2024-01-11 13:15:24 - [MESSAGE][PASSED] - Keys 'ENTER + ' sent to object: 'Object Repository/Page_Webstie c truyn online/input_Ti_search'

2024-01-11 13:15:24 - [TEST_STEP][PASSED] - closeBrowser(): Browser is closed

2024-01-11 13:15:25 - [MESSAGE][PASSED] - Browser is closed]]></system-out>
         <system-err><![CDATA[]]></system-err>
      </testcase>
      <testcase name="Test Cases/TimKiem_tentruyen" time="9.936" classname="Test Cases/TimKiem_tentruyen" status="PASSED">
         <system-out><![CDATA[2024-01-11 13:15:25 - [TEST_CASE][PASSED] - Test Cases/TimKiem_tentruyen: Test Cases/TimKiem_tentruyen

2024-01-11 13:15:25 - [TEST_STEP][PASSED] - openBrowser(""): Browser is opened with url: ''

2024-01-11 13:15:25 - [MESSAGE][INFO] - Starting 'Chrome' driver

2024-01-11 13:15:25 - [MESSAGE][INFO] - Action delay is set to 0 milliseconds

2024-01-11 13:15:27 - [MESSAGE][PASSED] - Browser is opened with url: ''

2024-01-11 13:15:27 - [TEST_STEP][PASSED] - navigateToUrl("https://truyenteen.me/"): Navigate to 'https://truyenteen.me/' successfully

2024-01-11 13:15:31 - [MESSAGE][PASSED] - Navigate to 'https://truyenteen.me/' successfully

2024-01-11 13:15:31 - [TEST_STEP][PASSED] - click(findTestObject("Object Repository/Page_Webstie c truyn online/span_")): Object: 'Object Repository/Page_Webstie c truyn online/span_' is clicked on

2024-01-11 13:15:32 - [MESSAGE][PASSED] - Object: 'Object Repository/Page_Webstie c truyn online/span_' is clicked on

2024-01-11 13:15:32 - [TEST_STEP][PASSED] - setText(findTestObject("Object Repository/Page_Webstie c truyn online/input_Ti_search"), tentruyen): Text 'b' is set on object 'Object Repository/Page_Webstie c truyn online/input_Ti_search'

2024-01-11 13:15:33 - [MESSAGE][PASSED] - Text 'b' is set on object 'Object Repository/Page_Webstie c truyn online/input_Ti_search'

2024-01-11 13:15:33 - [TEST_STEP][PASSED] - sendKeys(findTestObject("Object Repository/Page_Webstie c truyn online/input_Ti_search"), Keys.chord(ENTER)): Keys 'ENTER + ' sent to object: 'Object Repository/Page_Webstie c truyn online/input_Ti_search'

2024-01-11 13:15:34 - [MESSAGE][PASSED] - Keys 'ENTER + ' sent to object: 'Object Repository/Page_Webstie c truyn online/input_Ti_search'

2024-01-11 13:15:34 - [TEST_STEP][PASSED] - closeBrowser(): Browser is closed

2024-01-11 13:15:35 - [MESSAGE][PASSED] - Browser is closed]]></system-out>
         <system-err><![CDATA[]]></system-err>
      </testcase>
      <testcase name="Test Cases/TimKiem_tentruyen" time="9.566" classname="Test Cases/TimKiem_tentruyen" status="PASSED">
         <system-out><![CDATA[2024-01-11 13:15:35 - [TEST_CASE][PASSED] - Test Cases/TimKiem_tentruyen: Test Cases/TimKiem_tentruyen

2024-01-11 13:15:35 - [TEST_STEP][PASSED] - openBrowser(""): Browser is opened with url: ''

2024-01-11 13:15:35 - [MESSAGE][INFO] - Starting 'Chrome' driver

2024-01-11 13:15:35 - [MESSAGE][INFO] - Action delay is set to 0 milliseconds

2024-01-11 13:15:37 - [MESSAGE][PASSED] - Browser is opened with url: ''

2024-01-11 13:15:37 - [TEST_STEP][PASSED] - navigateToUrl("https://truyenteen.me/"): Navigate to 'https://truyenteen.me/' successfully

2024-01-11 13:15:41 - [MESSAGE][PASSED] - Navigate to 'https://truyenteen.me/' successfully

2024-01-11 13:15:41 - [TEST_STEP][PASSED] - click(findTestObject("Object Repository/Page_Webstie c truyn online/span_")): Object: 'Object Repository/Page_Webstie c truyn online/span_' is clicked on

2024-01-11 13:15:41 - [MESSAGE][PASSED] - Object: 'Object Repository/Page_Webstie c truyn online/span_' is clicked on

2024-01-11 13:15:41 - [TEST_STEP][PASSED] - setText(findTestObject("Object Repository/Page_Webstie c truyn online/input_Ti_search"), tentruyen): Text '#' is set on object 'Object Repository/Page_Webstie c truyn online/input_Ti_search'

2024-01-11 13:15:43 - [MESSAGE][PASSED] - Text '#' is set on object 'Object Repository/Page_Webstie c truyn online/input_Ti_search'

2024-01-11 13:15:43 - [TEST_STEP][PASSED] - sendKeys(findTestObject("Object Repository/Page_Webstie c truyn online/input_Ti_search"), Keys.chord(ENTER)): Keys 'ENTER + ' sent to object: 'Object Repository/Page_Webstie c truyn online/input_Ti_search'

2024-01-11 13:15:44 - [MESSAGE][PASSED] - Keys 'ENTER + ' sent to object: 'Object Repository/Page_Webstie c truyn online/input_Ti_search'

2024-01-11 13:15:44 - [TEST_STEP][PASSED] - closeBrowser(): Browser is closed

2024-01-11 13:15:45 - [MESSAGE][PASSED] - Browser is closed]]></system-out>
         <system-err><![CDATA[]]></system-err>
      </testcase>
      <testcase name="Test Cases/TimKiem_tentruyen" time="9.7" classname="Test Cases/TimKiem_tentruyen" status="PASSED">
         <system-out><![CDATA[2024-01-11 13:15:45 - [TEST_CASE][PASSED] - Test Cases/TimKiem_tentruyen: Test Cases/TimKiem_tentruyen

2024-01-11 13:15:45 - [TEST_STEP][PASSED] - openBrowser(""): Browser is opened with url: ''

2024-01-11 13:15:45 - [MESSAGE][INFO] - Starting 'Chrome' driver

2024-01-11 13:15:45 - [MESSAGE][INFO] - Action delay is set to 0 milliseconds

2024-01-11 13:15:46 - [MESSAGE][PASSED] - Browser is opened with url: ''

2024-01-11 13:15:46 - [TEST_STEP][PASSED] - navigateToUrl("https://truyenteen.me/"): Navigate to 'https://truyenteen.me/' successfully

2024-01-11 13:15:50 - [MESSAGE][PASSED] - Navigate to 'https://truyenteen.me/' successfully

2024-01-11 13:15:50 - [TEST_STEP][PASSED] - click(findTestObject("Object Repository/Page_Webstie c truyn online/span_")): Object: 'Object Repository/Page_Webstie c truyn online/span_' is clicked on

2024-01-11 13:15:51 - [MESSAGE][PASSED] - Object: 'Object Repository/Page_Webstie c truyn online/span_' is clicked on

2024-01-11 13:15:51 - [TEST_STEP][PASSED] - setText(findTestObject("Object Repository/Page_Webstie c truyn online/input_Ti_search"), tentruyen): Text '%' is set on object 'Object Repository/Page_Webstie c truyn online/input_Ti_search'

2024-01-11 13:15:52 - [MESSAGE][PASSED] - Text '%' is set on object 'Object Repository/Page_Webstie c truyn online/input_Ti_search'

2024-01-11 13:15:52 - [TEST_STEP][PASSED] - sendKeys(findTestObject("Object Repository/Page_Webstie c truyn online/input_Ti_search"), Keys.chord(ENTER)): Keys 'ENTER + ' sent to object: 'Object Repository/Page_Webstie c truyn online/input_Ti_search'

2024-01-11 13:15:54 - [MESSAGE][PASSED] - Keys 'ENTER + ' sent to object: 'Object Repository/Page_Webstie c truyn online/input_Ti_search'

2024-01-11 13:15:54 - [TEST_STEP][PASSED] - closeBrowser(): Browser is closed

2024-01-11 13:15:54 - [MESSAGE][PASSED] - Browser is closed]]></system-out>
         <system-err><![CDATA[]]></system-err>
      </testcase>
      <testcase name="Test Cases/TimKiem_tentruyen" time="9.539" classname="Test Cases/TimKiem_tentruyen" status="PASSED">
         <system-out><![CDATA[2024-01-11 13:15:54 - [TEST_CASE][PASSED] - Test Cases/TimKiem_tentruyen: Test Cases/TimKiem_tentruyen

2024-01-11 13:15:54 - [TEST_STEP][PASSED] - openBrowser(""): Browser is opened with url: ''

2024-01-11 13:15:54 - [MESSAGE][INFO] - Starting 'Chrome' driver

2024-01-11 13:15:54 - [MESSAGE][INFO] - Action delay is set to 0 milliseconds

2024-01-11 13:15:56 - [MESSAGE][PASSED] - Browser is opened with url: ''

2024-01-11 13:15:56 - [TEST_STEP][PASSED] - navigateToUrl("https://truyenteen.me/"): Navigate to 'https://truyenteen.me/' successfully

2024-01-11 13:16:00 - [MESSAGE][PASSED] - Navigate to 'https://truyenteen.me/' successfully

2024-01-11 13:16:00 - [TEST_STEP][PASSED] - click(findTestObject("Object Repository/Page_Webstie c truyn online/span_")): Object: 'Object Repository/Page_Webstie c truyn online/span_' is clicked on

2024-01-11 13:16:00 - [MESSAGE][PASSED] - Object: 'Object Repository/Page_Webstie c truyn online/span_' is clicked on

2024-01-11 13:16:00 - [TEST_STEP][PASSED] - setText(findTestObject("Object Repository/Page_Webstie c truyn online/input_Ti_search"), tentruyen): Text ':\select * from' is set on object 'Object Repository/Page_Webstie c truyn online/input_Ti_search'

2024-01-11 13:16:02 - [MESSAGE][PASSED] - Text ':\select * from' is set on object 'Object Repository/Page_Webstie c truyn online/input_Ti_search'

2024-01-11 13:16:02 - [TEST_STEP][PASSED] - sendKeys(findTestObject("Object Repository/Page_Webstie c truyn online/input_Ti_search"), Keys.chord(ENTER)): Keys 'ENTER + ' sent to object: 'Object Repository/Page_Webstie c truyn online/input_Ti_search'

2024-01-11 13:16:03 - [MESSAGE][PASSED] - Keys 'ENTER + ' sent to object: 'Object Repository/Page_Webstie c truyn online/input_Ti_search'

2024-01-11 13:16:03 - [TEST_STEP][PASSED] - closeBrowser(): Browser is closed

2024-01-11 13:16:04 - [MESSAGE][PASSED] - Browser is closed]]></system-out>
         <system-err><![CDATA[]]></system-err>
      </testcase>
      <testcase name="Test Cases/TimKiem_tentruyen" time="9.242" classname="Test Cases/TimKiem_tentruyen" status="PASSED">
         <system-out><![CDATA[2024-01-11 13:16:04 - [TEST_CASE][PASSED] - Test Cases/TimKiem_tentruyen: Test Cases/TimKiem_tentruyen

2024-01-11 13:16:04 - [TEST_STEP][PASSED] - openBrowser(""): Browser is opened with url: ''

2024-01-11 13:16:04 - [MESSAGE][INFO] - Starting 'Chrome' driver

2024-01-11 13:16:04 - [MESSAGE][INFO] - Action delay is set to 0 milliseconds

2024-01-11 13:16:05 - [MESSAGE][PASSED] - Browser is opened with url: ''

2024-01-11 13:16:05 - [TEST_STEP][PASSED] - navigateToUrl("https://truyenteen.me/"): Navigate to 'https://truyenteen.me/' successfully

2024-01-11 13:16:09 - [MESSAGE][PASSED] - Navigate to 'https://truyenteen.me/' successfully

2024-01-11 13:16:09 - [TEST_STEP][PASSED] - click(findTestObject("Object Repository/Page_Webstie c truyn online/span_")): Object: 'Object Repository/Page_Webstie c truyn online/span_' is clicked on

2024-01-11 13:16:10 - [MESSAGE][PASSED] - Object: 'Object Repository/Page_Webstie c truyn online/span_' is clicked on

2024-01-11 13:16:10 - [TEST_STEP][PASSED] - setText(findTestObject("Object Repository/Page_Webstie c truyn online/input_Ti_search"), tentruyen): Text '+=sd@#@' is set on object 'Object Repository/Page_Webstie c truyn online/input_Ti_search'

2024-01-11 13:16:11 - [MESSAGE][PASSED] - Text '+=sd@#@' is set on object 'Object Repository/Page_Webstie c truyn online/input_Ti_search'

2024-01-11 13:16:11 - [TEST_STEP][PASSED] - sendKeys(findTestObject("Object Repository/Page_Webstie c truyn online/input_Ti_search"), Keys.chord(ENTER)): Keys 'ENTER + ' sent to object: 'Object Repository/Page_Webstie c truyn online/input_Ti_search'

2024-01-11 13:16:12 - [MESSAGE][PASSED] - Keys 'ENTER + ' sent to object: 'Object Repository/Page_Webstie c truyn online/input_Ti_search'

2024-01-11 13:16:12 - [TEST_STEP][PASSED] - closeBrowser(): Browser is closed

2024-01-11 13:16:13 - [MESSAGE][PASSED] - Browser is closed]]></system-out>
         <system-err><![CDATA[]]></system-err>
      </testcase>
      <system-out><![CDATA[2024-01-11 13:12:49 - [TEST_SUITE][PASSED] - TimKiem: Test Cases/TimKiem_tentruyen]]></system-out>
      <system-err><![CDATA[]]></system-err>
   </testsuite>
</testsuites>
