<?xml version="1.0" encoding="UTF-8"?>
<testsuites name="TimKiem" time="85.301" tests="8" failures="0" errors="0">
   <testsuite name="TimKiem" tests="8" failures="0" errors="0" time="85.301" skipped="0" timestamp="2024-01-09 19:43:27" hostname="DELL - DESKTOP-T835F3C" id="Test Suites/TimKiem">
      <properties>
         <property name="deviceName" value=""/>
         <property name="devicePlatform" value=""/>
         <property name="logFolder" value="D:\\MONHOC\\DoAnTotNghiep_2\\automation\\DATN_truyenteen.me\\Reports\\20240109_194323\\TimKiem\\20240109_194324"/>
         <property name="logFiles" value="D:\\MONHOC\\DoAnTotNghiep_2\\automation\\DATN_truyenteen.me\\Reports\\20240109_194323\\TimKiem\\20240109_194324\\execution0.log"/>
         <property name="attachments" value=""/>
         <property name="hostName" value="DELL - DESKTOP-T835F3C"/>
         <property name="os" value="Windows 10 64bit"/>
         <property name="katalonVersion" value="8.6.8.208"/>
         <property name="browser" value="Chrome 120.0.0.0"/>
         <property name="hostAddress" value="192.168.85.1"/>
         <property name="sessionId" value="5eebd5b7d10aab1e235da41dd31b1053"/>
         <property name="seleniumVersion" value="3.141.59"/>
         <property name="proxyInformation" value="ProxyInformation { proxyOption=NO_PROXY, proxyServerType=HTTP, username=, password=********, proxyServerAddress=, proxyServerPort=0, executionList=&quot;&quot;, isApplyToDesiredCapabilities=true }"/>
         <property name="platform" value="Windows 10"/>
      </properties>
      <testcase name="Test Cases/TimKiem_tentruyen" time="11.539" classname="Test Cases/TimKiem_tentruyen" status="PASSED">
         <system-out><![CDATA[2024-01-09 19:43:28 - [TEST_CASE][PASSED] - Test Cases/TimKiem_tentruyen: Test Cases/TimKiem_tentruyen

2024-01-09 19:43:28 - [TEST_STEP][PASSED] - openBrowser(""): Browser is opened with url: ''

2024-01-09 19:43:28 - [MESSAGE][INFO] - Starting 'Chrome' driver

2024-01-09 19:43:28 - [MESSAGE][INFO] - Action delay is set to 0 milliseconds

2024-01-09 19:43:31 - [MESSAGE][PASSED] - Browser is opened with url: ''

2024-01-09 19:43:31 - [TEST_STEP][PASSED] - navigateToUrl("https://truyenteen.me/"): Navigate to 'https://truyenteen.me/' successfully

2024-01-09 19:43:35 - [MESSAGE][PASSED] - Navigate to 'https://truyenteen.me/' successfully

2024-01-09 19:43:35 - [TEST_STEP][PASSED] - click(findTestObject("Object Repository/Page_Webstie c truyn online/span_")): Object: 'Object Repository/Page_Webstie c truyn online/span_' is clicked on

2024-01-09 19:43:36 - [MESSAGE][PASSED] - Object: 'Object Repository/Page_Webstie c truyn online/span_' is clicked on

2024-01-09 19:43:36 - [TEST_STEP][PASSED] - setText(findTestObject("Object Repository/Page_Webstie c truyn online/input_Ti_search"), tentruyen): Text 'khôn' is set on object 'Object Repository/Page_Webstie c truyn online/input_Ti_search'

2024-01-09 19:43:37 - [MESSAGE][PASSED] - Text 'khôn' is set on object 'Object Repository/Page_Webstie c truyn online/input_Ti_search'

2024-01-09 19:43:37 - [TEST_STEP][PASSED] - sendKeys(findTestObject("Object Repository/Page_Webstie c truyn online/input_Ti_search"), Keys.chord(ENTER)): Keys 'ENTER + ' sent to object: 'Object Repository/Page_Webstie c truyn online/input_Ti_search'

2024-01-09 19:43:39 - [MESSAGE][PASSED] - Keys 'ENTER + ' sent to object: 'Object Repository/Page_Webstie c truyn online/input_Ti_search'

2024-01-09 19:43:39 - [TEST_STEP][PASSED] - closeBrowser(): Browser is closed

2024-01-09 19:43:39 - [MESSAGE][PASSED] - Browser is closed]]></system-out>
         <system-err><![CDATA[]]></system-err>
      </testcase>
      <testcase name="Test Cases/TimKiem_tentruyen" time="10.245" classname="Test Cases/TimKiem_tentruyen" status="PASSED">
         <system-out><![CDATA[2024-01-09 19:43:39 - [TEST_CASE][PASSED] - Test Cases/TimKiem_tentruyen: Test Cases/TimKiem_tentruyen

2024-01-09 19:43:39 - [TEST_STEP][PASSED] - openBrowser(""): Browser is opened with url: ''

2024-01-09 19:43:39 - [MESSAGE][INFO] - Starting 'Chrome' driver

2024-01-09 19:43:39 - [MESSAGE][INFO] - Action delay is set to 0 milliseconds

2024-01-09 19:43:41 - [MESSAGE][PASSED] - Browser is opened with url: ''

2024-01-09 19:43:41 - [TEST_STEP][PASSED] - navigateToUrl("https://truyenteen.me/"): Navigate to 'https://truyenteen.me/' successfully

2024-01-09 19:43:45 - [MESSAGE][PASSED] - Navigate to 'https://truyenteen.me/' successfully

2024-01-09 19:43:45 - [TEST_STEP][PASSED] - click(findTestObject("Object Repository/Page_Webstie c truyn online/span_")): Object: 'Object Repository/Page_Webstie c truyn online/span_' is clicked on

2024-01-09 19:43:46 - [MESSAGE][PASSED] - Object: 'Object Repository/Page_Webstie c truyn online/span_' is clicked on

2024-01-09 19:43:46 - [TEST_STEP][PASSED] - setText(findTestObject("Object Repository/Page_Webstie c truyn online/input_Ti_search"), tentruyen): Text 'khi' is set on object 'Object Repository/Page_Webstie c truyn online/input_Ti_search'

2024-01-09 19:43:48 - [MESSAGE][PASSED] - Text 'khi' is set on object 'Object Repository/Page_Webstie c truyn online/input_Ti_search'

2024-01-09 19:43:48 - [TEST_STEP][PASSED] - sendKeys(findTestObject("Object Repository/Page_Webstie c truyn online/input_Ti_search"), Keys.chord(ENTER)): Keys 'ENTER + ' sent to object: 'Object Repository/Page_Webstie c truyn online/input_Ti_search'

2024-01-09 19:43:49 - [MESSAGE][PASSED] - Keys 'ENTER + ' sent to object: 'Object Repository/Page_Webstie c truyn online/input_Ti_search'

2024-01-09 19:43:49 - [TEST_STEP][PASSED] - closeBrowser(): Browser is closed

2024-01-09 19:43:49 - [MESSAGE][PASSED] - Browser is closed]]></system-out>
         <system-err><![CDATA[]]></system-err>
      </testcase>
      <testcase name="Test Cases/TimKiem_tentruyen" time="10.992" classname="Test Cases/TimKiem_tentruyen" status="PASSED">
         <system-out><![CDATA[2024-01-09 19:43:50 - [TEST_CASE][PASSED] - Test Cases/TimKiem_tentruyen: Test Cases/TimKiem_tentruyen

2024-01-09 19:43:50 - [TEST_STEP][PASSED] - openBrowser(""): Browser is opened with url: ''

2024-01-09 19:43:50 - [MESSAGE][INFO] - Starting 'Chrome' driver

2024-01-09 19:43:50 - [MESSAGE][INFO] - Action delay is set to 0 milliseconds

2024-01-09 19:43:51 - [MESSAGE][PASSED] - Browser is opened with url: ''

2024-01-09 19:43:51 - [TEST_STEP][PASSED] - navigateToUrl("https://truyenteen.me/"): Navigate to 'https://truyenteen.me/' successfully

2024-01-09 19:43:56 - [MESSAGE][PASSED] - Navigate to 'https://truyenteen.me/' successfully

2024-01-09 19:43:56 - [TEST_STEP][PASSED] - click(findTestObject("Object Repository/Page_Webstie c truyn online/span_")): Object: 'Object Repository/Page_Webstie c truyn online/span_' is clicked on

2024-01-09 19:43:57 - [MESSAGE][PASSED] - Object: 'Object Repository/Page_Webstie c truyn online/span_' is clicked on

2024-01-09 19:43:57 - [TEST_STEP][PASSED] - setText(findTestObject("Object Repository/Page_Webstie c truyn online/input_Ti_search"), tentruyen): Text 'a' is set on object 'Object Repository/Page_Webstie c truyn online/input_Ti_search'

2024-01-09 19:43:59 - [MESSAGE][PASSED] - Text 'a' is set on object 'Object Repository/Page_Webstie c truyn online/input_Ti_search'

2024-01-09 19:43:59 - [TEST_STEP][PASSED] - sendKeys(findTestObject("Object Repository/Page_Webstie c truyn online/input_Ti_search"), Keys.chord(ENTER)): Keys 'ENTER + ' sent to object: 'Object Repository/Page_Webstie c truyn online/input_Ti_search'

2024-01-09 19:44:00 - [MESSAGE][PASSED] - Keys 'ENTER + ' sent to object: 'Object Repository/Page_Webstie c truyn online/input_Ti_search'

2024-01-09 19:44:00 - [TEST_STEP][PASSED] - closeBrowser(): Browser is closed

2024-01-09 19:44:01 - [MESSAGE][PASSED] - Browser is closed]]></system-out>
         <system-err><![CDATA[]]></system-err>
      </testcase>
      <testcase name="Test Cases/TimKiem_tentruyen" time="10.122" classname="Test Cases/TimKiem_tentruyen" status="PASSED">
         <system-out><![CDATA[2024-01-09 19:44:01 - [TEST_CASE][PASSED] - Test Cases/TimKiem_tentruyen: Test Cases/TimKiem_tentruyen

2024-01-09 19:44:01 - [TEST_STEP][PASSED] - openBrowser(""): Browser is opened with url: ''

2024-01-09 19:44:01 - [MESSAGE][INFO] - Starting 'Chrome' driver

2024-01-09 19:44:01 - [MESSAGE][INFO] - Action delay is set to 0 milliseconds

2024-01-09 19:44:02 - [MESSAGE][PASSED] - Browser is opened with url: ''

2024-01-09 19:44:02 - [TEST_STEP][PASSED] - navigateToUrl("https://truyenteen.me/"): Navigate to 'https://truyenteen.me/' successfully

2024-01-09 19:44:07 - [MESSAGE][PASSED] - Navigate to 'https://truyenteen.me/' successfully

2024-01-09 19:44:07 - [TEST_STEP][PASSED] - click(findTestObject("Object Repository/Page_Webstie c truyn online/span_")): Object: 'Object Repository/Page_Webstie c truyn online/span_' is clicked on

2024-01-09 19:44:07 - [MESSAGE][PASSED] - Object: 'Object Repository/Page_Webstie c truyn online/span_' is clicked on

2024-01-09 19:44:07 - [TEST_STEP][PASSED] - setText(findTestObject("Object Repository/Page_Webstie c truyn online/input_Ti_search"), tentruyen): Text 'b' is set on object 'Object Repository/Page_Webstie c truyn online/input_Ti_search'

2024-01-09 19:44:09 - [MESSAGE][PASSED] - Text 'b' is set on object 'Object Repository/Page_Webstie c truyn online/input_Ti_search'

2024-01-09 19:44:09 - [TEST_STEP][PASSED] - sendKeys(findTestObject("Object Repository/Page_Webstie c truyn online/input_Ti_search"), Keys.chord(ENTER)): Keys 'ENTER + ' sent to object: 'Object Repository/Page_Webstie c truyn online/input_Ti_search'

2024-01-09 19:44:10 - [MESSAGE][PASSED] - Keys 'ENTER + ' sent to object: 'Object Repository/Page_Webstie c truyn online/input_Ti_search'

2024-01-09 19:44:10 - [TEST_STEP][PASSED] - closeBrowser(): Browser is closed

2024-01-09 19:44:11 - [MESSAGE][PASSED] - Browser is closed]]></system-out>
         <system-err><![CDATA[]]></system-err>
      </testcase>
      <testcase name="Test Cases/TimKiem_tentruyen" time="10.941" classname="Test Cases/TimKiem_tentruyen" status="PASSED">
         <system-out><![CDATA[2024-01-09 19:44:11 - [TEST_CASE][PASSED] - Test Cases/TimKiem_tentruyen: Test Cases/TimKiem_tentruyen

2024-01-09 19:44:11 - [TEST_STEP][PASSED] - openBrowser(""): Browser is opened with url: ''

2024-01-09 19:44:11 - [MESSAGE][INFO] - Starting 'Chrome' driver

2024-01-09 19:44:11 - [MESSAGE][INFO] - Action delay is set to 0 milliseconds

2024-01-09 19:44:12 - [MESSAGE][PASSED] - Browser is opened with url: ''

2024-01-09 19:44:12 - [TEST_STEP][PASSED] - navigateToUrl("https://truyenteen.me/"): Navigate to 'https://truyenteen.me/' successfully

2024-01-09 19:44:17 - [MESSAGE][PASSED] - Navigate to 'https://truyenteen.me/' successfully

2024-01-09 19:44:17 - [TEST_STEP][PASSED] - click(findTestObject("Object Repository/Page_Webstie c truyn online/span_")): Object: 'Object Repository/Page_Webstie c truyn online/span_' is clicked on

2024-01-09 19:44:18 - [MESSAGE][PASSED] - Object: 'Object Repository/Page_Webstie c truyn online/span_' is clicked on

2024-01-09 19:44:18 - [TEST_STEP][PASSED] - setText(findTestObject("Object Repository/Page_Webstie c truyn online/input_Ti_search"), tentruyen): Text '#' is set on object 'Object Repository/Page_Webstie c truyn online/input_Ti_search'

2024-01-09 19:44:20 - [MESSAGE][PASSED] - Text '#' is set on object 'Object Repository/Page_Webstie c truyn online/input_Ti_search'

2024-01-09 19:44:20 - [TEST_STEP][PASSED] - sendKeys(findTestObject("Object Repository/Page_Webstie c truyn online/input_Ti_search"), Keys.chord(ENTER)): Keys 'ENTER + ' sent to object: 'Object Repository/Page_Webstie c truyn online/input_Ti_search'

2024-01-09 19:44:21 - [MESSAGE][PASSED] - Keys 'ENTER + ' sent to object: 'Object Repository/Page_Webstie c truyn online/input_Ti_search'

2024-01-09 19:44:21 - [TEST_STEP][PASSED] - closeBrowser(): Browser is closed

2024-01-09 19:44:22 - [MESSAGE][PASSED] - Browser is closed]]></system-out>
         <system-err><![CDATA[]]></system-err>
      </testcase>
      <testcase name="Test Cases/TimKiem_tentruyen" time="9.978" classname="Test Cases/TimKiem_tentruyen" status="PASSED">
         <system-out><![CDATA[2024-01-09 19:44:22 - [TEST_CASE][PASSED] - Test Cases/TimKiem_tentruyen: Test Cases/TimKiem_tentruyen

2024-01-09 19:44:22 - [TEST_STEP][PASSED] - openBrowser(""): Browser is opened with url: ''

2024-01-09 19:44:22 - [MESSAGE][INFO] - Starting 'Chrome' driver

2024-01-09 19:44:22 - [MESSAGE][INFO] - Action delay is set to 0 milliseconds

2024-01-09 19:44:23 - [MESSAGE][PASSED] - Browser is opened with url: ''

2024-01-09 19:44:23 - [TEST_STEP][PASSED] - navigateToUrl("https://truyenteen.me/"): Navigate to 'https://truyenteen.me/' successfully

2024-01-09 19:44:27 - [MESSAGE][PASSED] - Navigate to 'https://truyenteen.me/' successfully

2024-01-09 19:44:27 - [TEST_STEP][PASSED] - click(findTestObject("Object Repository/Page_Webstie c truyn online/span_")): Object: 'Object Repository/Page_Webstie c truyn online/span_' is clicked on

2024-01-09 19:44:28 - [MESSAGE][PASSED] - Object: 'Object Repository/Page_Webstie c truyn online/span_' is clicked on

2024-01-09 19:44:28 - [TEST_STEP][PASSED] - setText(findTestObject("Object Repository/Page_Webstie c truyn online/input_Ti_search"), tentruyen): Text '%' is set on object 'Object Repository/Page_Webstie c truyn online/input_Ti_search'

2024-01-09 19:44:30 - [MESSAGE][PASSED] - Text '%' is set on object 'Object Repository/Page_Webstie c truyn online/input_Ti_search'

2024-01-09 19:44:30 - [TEST_STEP][PASSED] - sendKeys(findTestObject("Object Repository/Page_Webstie c truyn online/input_Ti_search"), Keys.chord(ENTER)): Keys 'ENTER + ' sent to object: 'Object Repository/Page_Webstie c truyn online/input_Ti_search'

2024-01-09 19:44:31 - [MESSAGE][PASSED] - Keys 'ENTER + ' sent to object: 'Object Repository/Page_Webstie c truyn online/input_Ti_search'

2024-01-09 19:44:31 - [TEST_STEP][PASSED] - closeBrowser(): Browser is closed

2024-01-09 19:44:32 - [MESSAGE][PASSED] - Browser is closed]]></system-out>
         <system-err><![CDATA[]]></system-err>
      </testcase>
      <testcase name="Test Cases/TimKiem_tentruyen" time="10.724" classname="Test Cases/TimKiem_tentruyen" status="PASSED">
         <system-out><![CDATA[2024-01-09 19:44:32 - [TEST_CASE][PASSED] - Test Cases/TimKiem_tentruyen: Test Cases/TimKiem_tentruyen

2024-01-09 19:44:32 - [TEST_STEP][PASSED] - openBrowser(""): Browser is opened with url: ''

2024-01-09 19:44:32 - [MESSAGE][INFO] - Starting 'Chrome' driver

2024-01-09 19:44:32 - [MESSAGE][INFO] - Action delay is set to 0 milliseconds

2024-01-09 19:44:33 - [MESSAGE][PASSED] - Browser is opened with url: ''

2024-01-09 19:44:33 - [TEST_STEP][PASSED] - navigateToUrl("https://truyenteen.me/"): Navigate to 'https://truyenteen.me/' successfully

2024-01-09 19:44:38 - [MESSAGE][PASSED] - Navigate to 'https://truyenteen.me/' successfully

2024-01-09 19:44:38 - [TEST_STEP][PASSED] - click(findTestObject("Object Repository/Page_Webstie c truyn online/span_")): Object: 'Object Repository/Page_Webstie c truyn online/span_' is clicked on

2024-01-09 19:44:39 - [MESSAGE][PASSED] - Object: 'Object Repository/Page_Webstie c truyn online/span_' is clicked on

2024-01-09 19:44:39 - [TEST_STEP][PASSED] - setText(findTestObject("Object Repository/Page_Webstie c truyn online/input_Ti_search"), tentruyen): Text ':\select * from' is set on object 'Object Repository/Page_Webstie c truyn online/input_Ti_search'

2024-01-09 19:44:40 - [MESSAGE][PASSED] - Text ':\select * from' is set on object 'Object Repository/Page_Webstie c truyn online/input_Ti_search'

2024-01-09 19:44:40 - [TEST_STEP][PASSED] - sendKeys(findTestObject("Object Repository/Page_Webstie c truyn online/input_Ti_search"), Keys.chord(ENTER)): Keys 'ENTER + ' sent to object: 'Object Repository/Page_Webstie c truyn online/input_Ti_search'

2024-01-09 19:44:42 - [MESSAGE][PASSED] - Keys 'ENTER + ' sent to object: 'Object Repository/Page_Webstie c truyn online/input_Ti_search'

2024-01-09 19:44:42 - [TEST_STEP][PASSED] - closeBrowser(): Browser is closed

2024-01-09 19:44:42 - [MESSAGE][PASSED] - Browser is closed]]></system-out>
         <system-err><![CDATA[]]></system-err>
      </testcase>
      <testcase name="Test Cases/TimKiem_tentruyen" time="10.212" classname="Test Cases/TimKiem_tentruyen" status="PASSED">
         <system-out><![CDATA[2024-01-09 19:44:42 - [TEST_CASE][PASSED] - Test Cases/TimKiem_tentruyen: Test Cases/TimKiem_tentruyen

2024-01-09 19:44:42 - [TEST_STEP][PASSED] - openBrowser(""): Browser is opened with url: ''

2024-01-09 19:44:42 - [MESSAGE][INFO] - Starting 'Chrome' driver

2024-01-09 19:44:42 - [MESSAGE][INFO] - Action delay is set to 0 milliseconds

2024-01-09 19:44:44 - [MESSAGE][PASSED] - Browser is opened with url: ''

2024-01-09 19:44:44 - [TEST_STEP][PASSED] - navigateToUrl("https://truyenteen.me/"): Navigate to 'https://truyenteen.me/' successfully

2024-01-09 19:44:48 - [MESSAGE][PASSED] - Navigate to 'https://truyenteen.me/' successfully

2024-01-09 19:44:48 - [TEST_STEP][PASSED] - click(findTestObject("Object Repository/Page_Webstie c truyn online/span_")): Object: 'Object Repository/Page_Webstie c truyn online/span_' is clicked on

2024-01-09 19:44:49 - [MESSAGE][PASSED] - Object: 'Object Repository/Page_Webstie c truyn online/span_' is clicked on

2024-01-09 19:44:49 - [TEST_STEP][PASSED] - setText(findTestObject("Object Repository/Page_Webstie c truyn online/input_Ti_search"), tentruyen): Text '+=sd@#@' is set on object 'Object Repository/Page_Webstie c truyn online/input_Ti_search'

2024-01-09 19:44:51 - [MESSAGE][PASSED] - Text '+=sd@#@' is set on object 'Object Repository/Page_Webstie c truyn online/input_Ti_search'

2024-01-09 19:44:51 - [TEST_STEP][PASSED] - sendKeys(findTestObject("Object Repository/Page_Webstie c truyn online/input_Ti_search"), Keys.chord(ENTER)): Keys 'ENTER + ' sent to object: 'Object Repository/Page_Webstie c truyn online/input_Ti_search'

2024-01-09 19:44:52 - [MESSAGE][PASSED] - Keys 'ENTER + ' sent to object: 'Object Repository/Page_Webstie c truyn online/input_Ti_search'

2024-01-09 19:44:52 - [TEST_STEP][PASSED] - closeBrowser(): Browser is closed

2024-01-09 19:44:53 - [MESSAGE][PASSED] - Browser is closed]]></system-out>
         <system-err><![CDATA[]]></system-err>
      </testcase>
      <system-out><![CDATA[2024-01-09 19:43:27 - [TEST_SUITE][PASSED] - TimKiem: Test Cases/TimKiem_tentruyen]]></system-out>
      <system-err><![CDATA[]]></system-err>
   </testsuite>
</testsuites>
