<?xml version="1.0" encoding="UTF-8"?>
<testsuites name="TimKiem" time="137.226" tests="13" failures="0" errors="0">
   <testsuite name="TimKiem" tests="13" failures="0" errors="0" time="137.226" skipped="0" timestamp="2024-01-11 12:57:54" hostname="DELL - DESKTOP-T835F3C" id="Test Suites/TimKiem">
      <properties>
         <property name="deviceName" value=""/>
         <property name="devicePlatform" value=""/>
         <property name="logFolder" value="D:\\MONHOC\\DoAnTotNghiep_2\\automation\\DATN_truyenteen.me\\Reports\\20240111_125751\\TimKiem\\20240111_125751"/>
         <property name="logFiles" value="D:\\MONHOC\\DoAnTotNghiep_2\\automation\\DATN_truyenteen.me\\Reports\\20240111_125751\\TimKiem\\20240111_125751\\execution0.log"/>
         <property name="attachments" value=""/>
         <property name="hostName" value="DELL - DESKTOP-T835F3C"/>
         <property name="os" value="Windows 10 64bit"/>
         <property name="katalonVersion" value="8.6.8.208"/>
         <property name="browser" value="Chrome 120.0.0.0"/>
         <property name="hostAddress" value="192.168.85.1"/>
         <property name="sessionId" value="2f726684427226831c58d085a016a005"/>
         <property name="seleniumVersion" value="3.141.59"/>
         <property name="proxyInformation" value="ProxyInformation { proxyOption=NO_PROXY, proxyServerType=HTTP, username=, password=********, proxyServerAddress=, proxyServerPort=0, executionList=&quot;&quot;, isApplyToDesiredCapabilities=true }"/>
         <property name="platform" value="Windows 10"/>
      </properties>
      <testcase name="Test Cases/TimKiem_tentruyen" time="13.058" classname="Test Cases/TimKiem_tentruyen" status="PASSED">
         <system-out><![CDATA[2024-01-11 12:57:54 - [TEST_CASE][PASSED] - Test Cases/TimKiem_tentruyen: Test Cases/TimKiem_tentruyen

2024-01-11 12:57:55 - [TEST_STEP][PASSED] - openBrowser(""): Browser is opened with url: ''

2024-01-11 12:57:55 - [MESSAGE][INFO] - Starting 'Chrome' driver

2024-01-11 12:57:55 - [MESSAGE][INFO] - Action delay is set to 0 milliseconds

2024-01-11 12:57:59 - [MESSAGE][PASSED] - Browser is opened with url: ''

2024-01-11 12:57:59 - [TEST_STEP][PASSED] - navigateToUrl("https://truyenteen.me/"): Navigate to 'https://truyenteen.me/' successfully

2024-01-11 12:58:03 - [MESSAGE][PASSED] - Navigate to 'https://truyenteen.me/' successfully

2024-01-11 12:58:03 - [TEST_STEP][PASSED] - click(findTestObject("Object Repository/Page_Webstie c truyn online/span_")): Object: 'Object Repository/Page_Webstie c truyn online/span_' is clicked on

2024-01-11 12:58:04 - [MESSAGE][PASSED] - Object: 'Object Repository/Page_Webstie c truyn online/span_' is clicked on

2024-01-11 12:58:04 - [TEST_STEP][PASSED] - setText(findTestObject("Object Repository/Page_Webstie c truyn online/input_Ti_search"), tentruyen): Text 'a' is set on object 'Object Repository/Page_Webstie c truyn online/input_Ti_search'

2024-01-11 12:58:06 - [MESSAGE][PASSED] - Text 'a' is set on object 'Object Repository/Page_Webstie c truyn online/input_Ti_search'

2024-01-11 12:58:06 - [TEST_STEP][PASSED] - sendKeys(findTestObject("Object Repository/Page_Webstie c truyn online/input_Ti_search"), Keys.chord(ENTER)): Keys 'ENTER + ' sent to object: 'Object Repository/Page_Webstie c truyn online/input_Ti_search'

2024-01-11 12:58:07 - [MESSAGE][PASSED] - Keys 'ENTER + ' sent to object: 'Object Repository/Page_Webstie c truyn online/input_Ti_search'

2024-01-11 12:58:07 - [TEST_STEP][PASSED] - closeBrowser(): Browser is closed

2024-01-11 12:58:08 - [MESSAGE][PASSED] - Browser is closed]]></system-out>
         <system-err><![CDATA[]]></system-err>
      </testcase>
      <testcase name="Test Cases/TimKiem_tentruyen" time="11.251" classname="Test Cases/TimKiem_tentruyen" status="PASSED">
         <system-out><![CDATA[2024-01-11 12:58:08 - [TEST_CASE][PASSED] - Test Cases/TimKiem_tentruyen: Test Cases/TimKiem_tentruyen

2024-01-11 12:58:08 - [TEST_STEP][PASSED] - openBrowser(""): Browser is opened with url: ''

2024-01-11 12:58:08 - [MESSAGE][INFO] - Starting 'Chrome' driver

2024-01-11 12:58:08 - [MESSAGE][INFO] - Action delay is set to 0 milliseconds

2024-01-11 12:58:10 - [MESSAGE][PASSED] - Browser is opened with url: ''

2024-01-11 12:58:10 - [TEST_STEP][PASSED] - navigateToUrl("https://truyenteen.me/"): Navigate to 'https://truyenteen.me/' successfully

2024-01-11 12:58:13 - [MESSAGE][PASSED] - Navigate to 'https://truyenteen.me/' successfully

2024-01-11 12:58:13 - [TEST_STEP][PASSED] - click(findTestObject("Object Repository/Page_Webstie c truyn online/span_")): Object: 'Object Repository/Page_Webstie c truyn online/span_' is clicked on

2024-01-11 12:58:14 - [MESSAGE][PASSED] - Object: 'Object Repository/Page_Webstie c truyn online/span_' is clicked on

2024-01-11 12:58:14 - [TEST_STEP][PASSED] - setText(findTestObject("Object Repository/Page_Webstie c truyn online/input_Ti_search"), tentruyen): Text 'A' is set on object 'Object Repository/Page_Webstie c truyn online/input_Ti_search'

2024-01-11 12:58:16 - [MESSAGE][PASSED] - Text 'A' is set on object 'Object Repository/Page_Webstie c truyn online/input_Ti_search'

2024-01-11 12:58:16 - [TEST_STEP][PASSED] - sendKeys(findTestObject("Object Repository/Page_Webstie c truyn online/input_Ti_search"), Keys.chord(ENTER)): Keys 'ENTER + ' sent to object: 'Object Repository/Page_Webstie c truyn online/input_Ti_search'

2024-01-11 12:58:18 - [MESSAGE][PASSED] - Keys 'ENTER + ' sent to object: 'Object Repository/Page_Webstie c truyn online/input_Ti_search'

2024-01-11 12:58:18 - [TEST_STEP][PASSED] - closeBrowser(): Browser is closed

2024-01-11 12:58:19 - [MESSAGE][PASSED] - Browser is closed]]></system-out>
         <system-err><![CDATA[]]></system-err>
      </testcase>
      <testcase name="Test Cases/TimKiem_tentruyen" time="9.983" classname="Test Cases/TimKiem_tentruyen" status="PASSED">
         <system-out><![CDATA[2024-01-11 12:58:19 - [TEST_CASE][PASSED] - Test Cases/TimKiem_tentruyen: Test Cases/TimKiem_tentruyen

2024-01-11 12:58:19 - [TEST_STEP][PASSED] - openBrowser(""): Browser is opened with url: ''

2024-01-11 12:58:19 - [MESSAGE][INFO] - Starting 'Chrome' driver

2024-01-11 12:58:19 - [MESSAGE][INFO] - Action delay is set to 0 milliseconds

2024-01-11 12:58:21 - [MESSAGE][PASSED] - Browser is opened with url: ''

2024-01-11 12:58:21 - [TEST_STEP][PASSED] - navigateToUrl("https://truyenteen.me/"): Navigate to 'https://truyenteen.me/' successfully

2024-01-11 12:58:24 - [MESSAGE][PASSED] - Navigate to 'https://truyenteen.me/' successfully

2024-01-11 12:58:24 - [TEST_STEP][PASSED] - click(findTestObject("Object Repository/Page_Webstie c truyn online/span_")): Object: 'Object Repository/Page_Webstie c truyn online/span_' is clicked on

2024-01-11 12:58:25 - [MESSAGE][PASSED] - Object: 'Object Repository/Page_Webstie c truyn online/span_' is clicked on

2024-01-11 12:58:25 - [TEST_STEP][PASSED] - setText(findTestObject("Object Repository/Page_Webstie c truyn online/input_Ti_search"), tentruyen): Text 'dau' is set on object 'Object Repository/Page_Webstie c truyn online/input_Ti_search'

2024-01-11 12:58:27 - [MESSAGE][PASSED] - Text 'dau' is set on object 'Object Repository/Page_Webstie c truyn online/input_Ti_search'

2024-01-11 12:58:27 - [TEST_STEP][PASSED] - sendKeys(findTestObject("Object Repository/Page_Webstie c truyn online/input_Ti_search"), Keys.chord(ENTER)): Keys 'ENTER + ' sent to object: 'Object Repository/Page_Webstie c truyn online/input_Ti_search'

2024-01-11 12:58:28 - [MESSAGE][PASSED] - Keys 'ENTER + ' sent to object: 'Object Repository/Page_Webstie c truyn online/input_Ti_search'

2024-01-11 12:58:28 - [TEST_STEP][PASSED] - closeBrowser(): Browser is closed

2024-01-11 12:58:29 - [MESSAGE][PASSED] - Browser is closed]]></system-out>
         <system-err><![CDATA[]]></system-err>
      </testcase>
      <testcase name="Test Cases/TimKiem_tentruyen" time="10.497" classname="Test Cases/TimKiem_tentruyen" status="PASSED">
         <system-out><![CDATA[2024-01-11 12:58:29 - [TEST_CASE][PASSED] - Test Cases/TimKiem_tentruyen: Test Cases/TimKiem_tentruyen

2024-01-11 12:58:29 - [TEST_STEP][PASSED] - openBrowser(""): Browser is opened with url: ''

2024-01-11 12:58:29 - [MESSAGE][INFO] - Starting 'Chrome' driver

2024-01-11 12:58:29 - [MESSAGE][INFO] - Action delay is set to 0 milliseconds

2024-01-11 12:58:31 - [MESSAGE][PASSED] - Browser is opened with url: ''

2024-01-11 12:58:31 - [TEST_STEP][PASSED] - navigateToUrl("https://truyenteen.me/"): Navigate to 'https://truyenteen.me/' successfully

2024-01-11 12:58:35 - [MESSAGE][PASSED] - Navigate to 'https://truyenteen.me/' successfully

2024-01-11 12:58:35 - [TEST_STEP][PASSED] - click(findTestObject("Object Repository/Page_Webstie c truyn online/span_")): Object: 'Object Repository/Page_Webstie c truyn online/span_' is clicked on

2024-01-11 12:58:36 - [MESSAGE][PASSED] - Object: 'Object Repository/Page_Webstie c truyn online/span_' is clicked on

2024-01-11 12:58:36 - [TEST_STEP][PASSED] - setText(findTestObject("Object Repository/Page_Webstie c truyn online/input_Ti_search"), tentruyen): Text 'đấu' is set on object 'Object Repository/Page_Webstie c truyn online/input_Ti_search'

2024-01-11 12:58:37 - [MESSAGE][PASSED] - Text 'đấu' is set on object 'Object Repository/Page_Webstie c truyn online/input_Ti_search'

2024-01-11 12:58:37 - [TEST_STEP][PASSED] - sendKeys(findTestObject("Object Repository/Page_Webstie c truyn online/input_Ti_search"), Keys.chord(ENTER)): Keys 'ENTER + ' sent to object: 'Object Repository/Page_Webstie c truyn online/input_Ti_search'

2024-01-11 12:58:39 - [MESSAGE][PASSED] - Keys 'ENTER + ' sent to object: 'Object Repository/Page_Webstie c truyn online/input_Ti_search'

2024-01-11 12:58:39 - [TEST_STEP][PASSED] - closeBrowser(): Browser is closed

2024-01-11 12:58:39 - [MESSAGE][PASSED] - Browser is closed]]></system-out>
         <system-err><![CDATA[]]></system-err>
      </testcase>
      <testcase name="Test Cases/TimKiem_tentruyen" time="11.073" classname="Test Cases/TimKiem_tentruyen" status="PASSED">
         <system-out><![CDATA[2024-01-11 12:58:40 - [TEST_CASE][PASSED] - Test Cases/TimKiem_tentruyen: Test Cases/TimKiem_tentruyen

2024-01-11 12:58:40 - [TEST_STEP][PASSED] - openBrowser(""): Browser is opened with url: ''

2024-01-11 12:58:40 - [MESSAGE][INFO] - Starting 'Chrome' driver

2024-01-11 12:58:40 - [MESSAGE][INFO] - Action delay is set to 0 milliseconds

2024-01-11 12:58:42 - [MESSAGE][PASSED] - Browser is opened with url: ''

2024-01-11 12:58:42 - [TEST_STEP][PASSED] - navigateToUrl("https://truyenteen.me/"): Navigate to 'https://truyenteen.me/' successfully

2024-01-11 12:58:46 - [MESSAGE][PASSED] - Navigate to 'https://truyenteen.me/' successfully

2024-01-11 12:58:46 - [TEST_STEP][PASSED] - click(findTestObject("Object Repository/Page_Webstie c truyn online/span_")): Object: 'Object Repository/Page_Webstie c truyn online/span_' is clicked on

2024-01-11 12:58:47 - [MESSAGE][PASSED] - Object: 'Object Repository/Page_Webstie c truyn online/span_' is clicked on

2024-01-11 12:58:47 - [TEST_STEP][PASSED] - setText(findTestObject("Object Repository/Page_Webstie c truyn online/input_Ti_search"), tentruyen): Text 'đậu' is set on object 'Object Repository/Page_Webstie c truyn online/input_Ti_search'

2024-01-11 12:58:48 - [MESSAGE][PASSED] - Text 'đậu' is set on object 'Object Repository/Page_Webstie c truyn online/input_Ti_search'

2024-01-11 12:58:48 - [TEST_STEP][PASSED] - sendKeys(findTestObject("Object Repository/Page_Webstie c truyn online/input_Ti_search"), Keys.chord(ENTER)): Keys 'ENTER + ' sent to object: 'Object Repository/Page_Webstie c truyn online/input_Ti_search'

2024-01-11 12:58:50 - [MESSAGE][PASSED] - Keys 'ENTER + ' sent to object: 'Object Repository/Page_Webstie c truyn online/input_Ti_search'

2024-01-11 12:58:50 - [TEST_STEP][PASSED] - closeBrowser(): Browser is closed

2024-01-11 12:58:51 - [MESSAGE][PASSED] - Browser is closed]]></system-out>
         <system-err><![CDATA[]]></system-err>
      </testcase>
      <testcase name="Test Cases/TimKiem_tentruyen" time="8.934" classname="Test Cases/TimKiem_tentruyen" status="PASSED">
         <system-out><![CDATA[2024-01-11 12:58:51 - [TEST_CASE][PASSED] - Test Cases/TimKiem_tentruyen: Test Cases/TimKiem_tentruyen

2024-01-11 12:58:51 - [TEST_STEP][PASSED] - openBrowser(""): Browser is opened with url: ''

2024-01-11 12:58:51 - [MESSAGE][INFO] - Starting 'Chrome' driver

2024-01-11 12:58:51 - [MESSAGE][INFO] - Action delay is set to 0 milliseconds

2024-01-11 12:58:52 - [MESSAGE][PASSED] - Browser is opened with url: ''

2024-01-11 12:58:52 - [TEST_STEP][PASSED] - navigateToUrl("https://truyenteen.me/"): Navigate to 'https://truyenteen.me/' successfully

2024-01-11 12:58:56 - [MESSAGE][PASSED] - Navigate to 'https://truyenteen.me/' successfully

2024-01-11 12:58:56 - [TEST_STEP][PASSED] - click(findTestObject("Object Repository/Page_Webstie c truyn online/span_")): Object: 'Object Repository/Page_Webstie c truyn online/span_' is clicked on

2024-01-11 12:58:57 - [MESSAGE][PASSED] - Object: 'Object Repository/Page_Webstie c truyn online/span_' is clicked on

2024-01-11 12:58:57 - [TEST_STEP][PASSED] - setText(findTestObject("Object Repository/Page_Webstie c truyn online/input_Ti_search"), tentruyen): Text '1' is set on object 'Object Repository/Page_Webstie c truyn online/input_Ti_search'

2024-01-11 12:58:58 - [MESSAGE][PASSED] - Text '1' is set on object 'Object Repository/Page_Webstie c truyn online/input_Ti_search'

2024-01-11 12:58:58 - [TEST_STEP][PASSED] - sendKeys(findTestObject("Object Repository/Page_Webstie c truyn online/input_Ti_search"), Keys.chord(ENTER)): Keys 'ENTER + ' sent to object: 'Object Repository/Page_Webstie c truyn online/input_Ti_search'

2024-01-11 12:58:59 - [MESSAGE][PASSED] - Keys 'ENTER + ' sent to object: 'Object Repository/Page_Webstie c truyn online/input_Ti_search'

2024-01-11 12:58:59 - [TEST_STEP][PASSED] - closeBrowser(): Browser is closed

2024-01-11 12:59:00 - [MESSAGE][PASSED] - Browser is closed]]></system-out>
         <system-err><![CDATA[]]></system-err>
      </testcase>
      <testcase name="Test Cases/TimKiem_tentruyen" time="10.021" classname="Test Cases/TimKiem_tentruyen" status="PASSED">
         <system-out><![CDATA[2024-01-11 12:59:00 - [TEST_CASE][PASSED] - Test Cases/TimKiem_tentruyen: Test Cases/TimKiem_tentruyen

2024-01-11 12:59:00 - [TEST_STEP][PASSED] - openBrowser(""): Browser is opened with url: ''

2024-01-11 12:59:00 - [MESSAGE][INFO] - Starting 'Chrome' driver

2024-01-11 12:59:00 - [MESSAGE][INFO] - Action delay is set to 0 milliseconds

2024-01-11 12:59:01 - [MESSAGE][PASSED] - Browser is opened with url: ''

2024-01-11 12:59:01 - [TEST_STEP][PASSED] - navigateToUrl("https://truyenteen.me/"): Navigate to 'https://truyenteen.me/' successfully

2024-01-11 12:59:05 - [MESSAGE][PASSED] - Navigate to 'https://truyenteen.me/' successfully

2024-01-11 12:59:05 - [TEST_STEP][PASSED] - click(findTestObject("Object Repository/Page_Webstie c truyn online/span_")): Object: 'Object Repository/Page_Webstie c truyn online/span_' is clicked on

2024-01-11 12:59:06 - [MESSAGE][PASSED] - Object: 'Object Repository/Page_Webstie c truyn online/span_' is clicked on

2024-01-11 12:59:06 - [TEST_STEP][PASSED] - setText(findTestObject("Object Repository/Page_Webstie c truyn online/input_Ti_search"), tentruyen): Text ':' is set on object 'Object Repository/Page_Webstie c truyn online/input_Ti_search'

2024-01-11 12:59:08 - [MESSAGE][PASSED] - Text ':' is set on object 'Object Repository/Page_Webstie c truyn online/input_Ti_search'

2024-01-11 12:59:08 - [TEST_STEP][PASSED] - sendKeys(findTestObject("Object Repository/Page_Webstie c truyn online/input_Ti_search"), Keys.chord(ENTER)): Keys 'ENTER + ' sent to object: 'Object Repository/Page_Webstie c truyn online/input_Ti_search'

2024-01-11 12:59:09 - [MESSAGE][PASSED] - Keys 'ENTER + ' sent to object: 'Object Repository/Page_Webstie c truyn online/input_Ti_search'

2024-01-11 12:59:09 - [TEST_STEP][PASSED] - closeBrowser(): Browser is closed

2024-01-11 12:59:10 - [MESSAGE][PASSED] - Browser is closed]]></system-out>
         <system-err><![CDATA[]]></system-err>
      </testcase>
      <testcase name="Test Cases/TimKiem_tentruyen" time="9.282" classname="Test Cases/TimKiem_tentruyen" status="PASSED">
         <system-out><![CDATA[2024-01-11 12:59:10 - [TEST_CASE][PASSED] - Test Cases/TimKiem_tentruyen: Test Cases/TimKiem_tentruyen

2024-01-11 12:59:10 - [TEST_STEP][PASSED] - openBrowser(""): Browser is opened with url: ''

2024-01-11 12:59:10 - [MESSAGE][INFO] - Starting 'Chrome' driver

2024-01-11 12:59:10 - [MESSAGE][INFO] - Action delay is set to 0 milliseconds

2024-01-11 12:59:11 - [MESSAGE][PASSED] - Browser is opened with url: ''

2024-01-11 12:59:11 - [TEST_STEP][PASSED] - navigateToUrl("https://truyenteen.me/"): Navigate to 'https://truyenteen.me/' successfully

2024-01-11 12:59:15 - [MESSAGE][PASSED] - Navigate to 'https://truyenteen.me/' successfully

2024-01-11 12:59:15 - [TEST_STEP][PASSED] - click(findTestObject("Object Repository/Page_Webstie c truyn online/span_")): Object: 'Object Repository/Page_Webstie c truyn online/span_' is clicked on

2024-01-11 12:59:15 - [MESSAGE][PASSED] - Object: 'Object Repository/Page_Webstie c truyn online/span_' is clicked on

2024-01-11 12:59:15 - [TEST_STEP][PASSED] - setText(findTestObject("Object Repository/Page_Webstie c truyn online/input_Ti_search"), tentruyen): Text '&' is set on object 'Object Repository/Page_Webstie c truyn online/input_Ti_search'

2024-01-11 12:59:17 - [MESSAGE][PASSED] - Text '&' is set on object 'Object Repository/Page_Webstie c truyn online/input_Ti_search'

2024-01-11 12:59:17 - [TEST_STEP][PASSED] - sendKeys(findTestObject("Object Repository/Page_Webstie c truyn online/input_Ti_search"), Keys.chord(ENTER)): Keys 'ENTER + ' sent to object: 'Object Repository/Page_Webstie c truyn online/input_Ti_search'

2024-01-11 12:59:18 - [MESSAGE][PASSED] - Keys 'ENTER + ' sent to object: 'Object Repository/Page_Webstie c truyn online/input_Ti_search'

2024-01-11 12:59:18 - [TEST_STEP][PASSED] - closeBrowser(): Browser is closed

2024-01-11 12:59:19 - [MESSAGE][PASSED] - Browser is closed]]></system-out>
         <system-err><![CDATA[]]></system-err>
      </testcase>
      <testcase name="Test Cases/TimKiem_tentruyen" time="9.364" classname="Test Cases/TimKiem_tentruyen" status="PASSED">
         <system-out><![CDATA[2024-01-11 12:59:19 - [TEST_CASE][PASSED] - Test Cases/TimKiem_tentruyen: Test Cases/TimKiem_tentruyen

2024-01-11 12:59:19 - [TEST_STEP][PASSED] - openBrowser(""): Browser is opened with url: ''

2024-01-11 12:59:19 - [MESSAGE][INFO] - Starting 'Chrome' driver

2024-01-11 12:59:19 - [MESSAGE][INFO] - Action delay is set to 0 milliseconds

2024-01-11 12:59:21 - [MESSAGE][PASSED] - Browser is opened with url: ''

2024-01-11 12:59:21 - [TEST_STEP][PASSED] - navigateToUrl("https://truyenteen.me/"): Navigate to 'https://truyenteen.me/' successfully

2024-01-11 12:59:24 - [MESSAGE][PASSED] - Navigate to 'https://truyenteen.me/' successfully

2024-01-11 12:59:24 - [TEST_STEP][PASSED] - click(findTestObject("Object Repository/Page_Webstie c truyn online/span_")): Object: 'Object Repository/Page_Webstie c truyn online/span_' is clicked on

2024-01-11 12:59:25 - [MESSAGE][PASSED] - Object: 'Object Repository/Page_Webstie c truyn online/span_' is clicked on

2024-01-11 12:59:25 - [TEST_STEP][PASSED] - setText(findTestObject("Object Repository/Page_Webstie c truyn online/input_Ti_search"), tentruyen): Text '%' is set on object 'Object Repository/Page_Webstie c truyn online/input_Ti_search'

2024-01-11 12:59:26 - [MESSAGE][PASSED] - Text '%' is set on object 'Object Repository/Page_Webstie c truyn online/input_Ti_search'

2024-01-11 12:59:26 - [TEST_STEP][PASSED] - sendKeys(findTestObject("Object Repository/Page_Webstie c truyn online/input_Ti_search"), Keys.chord(ENTER)): Keys 'ENTER + ' sent to object: 'Object Repository/Page_Webstie c truyn online/input_Ti_search'

2024-01-11 12:59:28 - [MESSAGE][PASSED] - Keys 'ENTER + ' sent to object: 'Object Repository/Page_Webstie c truyn online/input_Ti_search'

2024-01-11 12:59:28 - [TEST_STEP][PASSED] - closeBrowser(): Browser is closed

2024-01-11 12:59:28 - [MESSAGE][PASSED] - Browser is closed]]></system-out>
         <system-err><![CDATA[]]></system-err>
      </testcase>
      <testcase name="Test Cases/TimKiem_tentruyen" time="8.916" classname="Test Cases/TimKiem_tentruyen" status="PASSED">
         <system-out><![CDATA[2024-01-11 12:59:28 - [TEST_CASE][PASSED] - Test Cases/TimKiem_tentruyen: Test Cases/TimKiem_tentruyen

2024-01-11 12:59:28 - [TEST_STEP][PASSED] - openBrowser(""): Browser is opened with url: ''

2024-01-11 12:59:28 - [MESSAGE][INFO] - Starting 'Chrome' driver

2024-01-11 12:59:28 - [MESSAGE][INFO] - Action delay is set to 0 milliseconds

2024-01-11 12:59:30 - [MESSAGE][PASSED] - Browser is opened with url: ''

2024-01-11 12:59:30 - [TEST_STEP][PASSED] - navigateToUrl("https://truyenteen.me/"): Navigate to 'https://truyenteen.me/' successfully

2024-01-11 12:59:33 - [MESSAGE][PASSED] - Navigate to 'https://truyenteen.me/' successfully

2024-01-11 12:59:33 - [TEST_STEP][PASSED] - click(findTestObject("Object Repository/Page_Webstie c truyn online/span_")): Object: 'Object Repository/Page_Webstie c truyn online/span_' is clicked on

2024-01-11 12:59:34 - [MESSAGE][PASSED] - Object: 'Object Repository/Page_Webstie c truyn online/span_' is clicked on

2024-01-11 12:59:34 - [TEST_STEP][PASSED] - setText(findTestObject("Object Repository/Page_Webstie c truyn online/input_Ti_search"), tentruyen): Text '#' is set on object 'Object Repository/Page_Webstie c truyn online/input_Ti_search'

2024-01-11 12:59:36 - [MESSAGE][PASSED] - Text '#' is set on object 'Object Repository/Page_Webstie c truyn online/input_Ti_search'

2024-01-11 12:59:36 - [TEST_STEP][PASSED] - sendKeys(findTestObject("Object Repository/Page_Webstie c truyn online/input_Ti_search"), Keys.chord(ENTER)): Keys 'ENTER + ' sent to object: 'Object Repository/Page_Webstie c truyn online/input_Ti_search'

2024-01-11 12:59:37 - [MESSAGE][PASSED] - Keys 'ENTER + ' sent to object: 'Object Repository/Page_Webstie c truyn online/input_Ti_search'

2024-01-11 12:59:37 - [TEST_STEP][PASSED] - closeBrowser(): Browser is closed

2024-01-11 12:59:37 - [MESSAGE][PASSED] - Browser is closed]]></system-out>
         <system-err><![CDATA[]]></system-err>
      </testcase>
      <testcase name="Test Cases/TimKiem_tentruyen" time="10.225" classname="Test Cases/TimKiem_tentruyen" status="PASSED">
         <system-out><![CDATA[2024-01-11 12:59:37 - [TEST_CASE][PASSED] - Test Cases/TimKiem_tentruyen: Test Cases/TimKiem_tentruyen

2024-01-11 12:59:37 - [TEST_STEP][PASSED] - openBrowser(""): Browser is opened with url: ''

2024-01-11 12:59:37 - [MESSAGE][INFO] - Starting 'Chrome' driver

2024-01-11 12:59:37 - [MESSAGE][INFO] - Action delay is set to 0 milliseconds

2024-01-11 12:59:39 - [MESSAGE][PASSED] - Browser is opened with url: ''

2024-01-11 12:59:39 - [TEST_STEP][PASSED] - navigateToUrl("https://truyenteen.me/"): Navigate to 'https://truyenteen.me/' successfully

2024-01-11 12:59:43 - [MESSAGE][PASSED] - Navigate to 'https://truyenteen.me/' successfully

2024-01-11 12:59:43 - [TEST_STEP][PASSED] - click(findTestObject("Object Repository/Page_Webstie c truyn online/span_")): Object: 'Object Repository/Page_Webstie c truyn online/span_' is clicked on

2024-01-11 12:59:44 - [MESSAGE][PASSED] - Object: 'Object Repository/Page_Webstie c truyn online/span_' is clicked on

2024-01-11 12:59:44 - [TEST_STEP][PASSED] - setText(findTestObject("Object Repository/Page_Webstie c truyn online/input_Ti_search"), tentruyen): Text 'SSIweu*&^@#$*&' is set on object 'Object Repository/Page_Webstie c truyn online/input_Ti_search'

2024-01-11 12:59:46 - [MESSAGE][PASSED] - Text 'SSIweu*&^@#$*&' is set on object 'Object Repository/Page_Webstie c truyn online/input_Ti_search'

2024-01-11 12:59:46 - [TEST_STEP][PASSED] - sendKeys(findTestObject("Object Repository/Page_Webstie c truyn online/input_Ti_search"), Keys.chord(ENTER)): Keys 'ENTER + ' sent to object: 'Object Repository/Page_Webstie c truyn online/input_Ti_search'

2024-01-11 12:59:47 - [MESSAGE][PASSED] - Keys 'ENTER + ' sent to object: 'Object Repository/Page_Webstie c truyn online/input_Ti_search'

2024-01-11 12:59:47 - [TEST_STEP][PASSED] - closeBrowser(): Browser is closed

2024-01-11 12:59:47 - [MESSAGE][PASSED] - Browser is closed]]></system-out>
         <system-err><![CDATA[]]></system-err>
      </testcase>
      <testcase name="Test Cases/TimKiem_tentruyen" time="10.988" classname="Test Cases/TimKiem_tentruyen" status="PASSED">
         <system-out><![CDATA[2024-01-11 12:59:47 - [TEST_CASE][PASSED] - Test Cases/TimKiem_tentruyen: Test Cases/TimKiem_tentruyen

2024-01-11 12:59:48 - [TEST_STEP][PASSED] - openBrowser(""): Browser is opened with url: ''

2024-01-11 12:59:48 - [MESSAGE][INFO] - Starting 'Chrome' driver

2024-01-11 12:59:48 - [MESSAGE][INFO] - Action delay is set to 0 milliseconds

2024-01-11 12:59:49 - [MESSAGE][PASSED] - Browser is opened with url: ''

2024-01-11 12:59:49 - [TEST_STEP][PASSED] - navigateToUrl("https://truyenteen.me/"): Navigate to 'https://truyenteen.me/' successfully

2024-01-11 12:59:53 - [MESSAGE][PASSED] - Navigate to 'https://truyenteen.me/' successfully

2024-01-11 12:59:53 - [TEST_STEP][PASSED] - click(findTestObject("Object Repository/Page_Webstie c truyn online/span_")): Object: 'Object Repository/Page_Webstie c truyn online/span_' is clicked on

2024-01-11 12:59:55 - [MESSAGE][PASSED] - Object: 'Object Repository/Page_Webstie c truyn online/span_' is clicked on

2024-01-11 12:59:55 - [TEST_STEP][PASSED] - setText(findTestObject("Object Repository/Page_Webstie c truyn online/input_Ti_search"), tentruyen): Text '%a%nh%e' is set on object 'Object Repository/Page_Webstie c truyn online/input_Ti_search'

2024-01-11 12:59:56 - [MESSAGE][PASSED] - Text '%a%nh%e' is set on object 'Object Repository/Page_Webstie c truyn online/input_Ti_search'

2024-01-11 12:59:56 - [TEST_STEP][PASSED] - sendKeys(findTestObject("Object Repository/Page_Webstie c truyn online/input_Ti_search"), Keys.chord(ENTER)): Keys 'ENTER + ' sent to object: 'Object Repository/Page_Webstie c truyn online/input_Ti_search'

2024-01-11 12:59:58 - [MESSAGE][PASSED] - Keys 'ENTER + ' sent to object: 'Object Repository/Page_Webstie c truyn online/input_Ti_search'

2024-01-11 12:59:58 - [TEST_STEP][PASSED] - closeBrowser(): Browser is closed

2024-01-11 12:59:58 - [MESSAGE][PASSED] - Browser is closed]]></system-out>
         <system-err><![CDATA[]]></system-err>
      </testcase>
      <testcase name="Test Cases/TimKiem_tentruyen" time="12.839" classname="Test Cases/TimKiem_tentruyen" status="PASSED">
         <system-out><![CDATA[2024-01-11 12:59:59 - [TEST_CASE][PASSED] - Test Cases/TimKiem_tentruyen: Test Cases/TimKiem_tentruyen

2024-01-11 12:59:59 - [TEST_STEP][PASSED] - openBrowser(""): Browser is opened with url: ''

2024-01-11 12:59:59 - [MESSAGE][INFO] - Starting 'Chrome' driver

2024-01-11 12:59:59 - [MESSAGE][INFO] - Action delay is set to 0 milliseconds

2024-01-11 13:00:01 - [MESSAGE][PASSED] - Browser is opened with url: ''

2024-01-11 13:00:01 - [TEST_STEP][PASSED] - navigateToUrl("https://truyenteen.me/"): Navigate to 'https://truyenteen.me/' successfully

2024-01-11 13:00:01 - [MESSAGE][PASSED] - Navigate to 'https://truyenteen.me/' successfully

2024-01-11 13:00:01 - [TEST_STEP][PASSED] - click(findTestObject("Object Repository/Page_Webstie c truyn online/span_")): Object: 'Object Repository/Page_Webstie c truyn online/span_' is clicked on

2024-01-11 13:00:08 - [MESSAGE][PASSED] - Object: 'Object Repository/Page_Webstie c truyn online/span_' is clicked on

2024-01-11 13:00:08 - [TEST_STEP][PASSED] - setText(findTestObject("Object Repository/Page_Webstie c truyn online/input_Ti_search"), tentruyen): Text 'anhe' is set on object 'Object Repository/Page_Webstie c truyn online/input_Ti_search'

2024-01-11 13:00:09 - [MESSAGE][PASSED] - Text 'anhe' is set on object 'Object Repository/Page_Webstie c truyn online/input_Ti_search'

2024-01-11 13:00:09 - [TEST_STEP][PASSED] - sendKeys(findTestObject("Object Repository/Page_Webstie c truyn online/input_Ti_search"), Keys.chord(ENTER)): Keys 'ENTER + ' sent to object: 'Object Repository/Page_Webstie c truyn online/input_Ti_search'

2024-01-11 13:00:11 - [MESSAGE][PASSED] - Keys 'ENTER + ' sent to object: 'Object Repository/Page_Webstie c truyn online/input_Ti_search'

2024-01-11 13:00:11 - [TEST_STEP][PASSED] - closeBrowser(): Browser is closed

2024-01-11 13:00:11 - [MESSAGE][PASSED] - Browser is closed]]></system-out>
         <system-err><![CDATA[]]></system-err>
      </testcase>
      <system-out><![CDATA[2024-01-11 12:57:54 - [TEST_SUITE][PASSED] - TimKiem: Test Cases/TimKiem_tentruyen]]></system-out>
      <system-err><![CDATA[]]></system-err>
   </testsuite>
</testsuites>
